::1 - - [05/Mar/2023:10:03:21 +0000] "GET / HTTP/1.1" 500 1592 "-" "Mozilla/5.0 (Windows NT 10.0; Win64; x64) AppleWebKit/537.36 (KHTML, like Gecko) Chrome/110.0.0.0 Safari/537.36"
::1 - - [05/Mar/2023:10:03:22 +0000] "GET /favicon.ico HTTP/1.1" 404 150 "http://localhost:8000/" "Mozilla/5.0 (Windows NT 10.0; Win64; x64) AppleWebKit/537.36 (KHTML, like Gecko) Chrome/110.0.0.0 Safari/537.36"
[0mGET / [32m200[0m 58.053 ms - 2886[0m
[0mGET /favicon.ico [33m404[0m 17.877 ms - 150[0m
[0mGET /users/sign-up [32m200[0m 22.769 ms - 2251[0m
[0mGET /users/css/layout.css [33m404[0m 20.246 ms - 159[0m
[0mGET /users/css/header.css [33m404[0m 11.090 ms - 159[0m
[0mGET /users/css/footer.css [33m404[0m 13.922 ms - 159[0m
[0mPOST /users/create [36m302[0m 39.613 ms - 72[0m
[0mGET /users/sign-in [32m200[0m 4.889 ms - 2095[0m
[0mGET /users/css/layout.css [33m404[0m 18.984 ms - 159[0m
[0mGET /users/css/header.css [33m404[0m 13.773 ms - 159[0m
[0mGET /users/css/footer.css [33m404[0m 11.093 ms - 159[0m
[0mPOST /users/create-session [36m302[0m 11.916 ms - 46[0m
[0mGET / [32m200[0m 17.163 ms - 4042[0m
[0mPOST /posts/create [32m200[0m 45.892 ms - 273[0m
[0mPOST /likes/toggle/?id=6405d93299fc0eba6ad77d97&type=Post [32m200[0m 49.773 ms - 58[0m
[0mPOST /likes/toggle/?id=6405d93299fc0eba6ad77d97&type=Post [32m200[0m 36.108 ms - 57[0m
[0mPOST /likes/toggle/?id=6405d93299fc0eba6ad77d97&type=Post [32m200[0m 37.761 ms - 58[0m
[0mGET /posts/destroy/6405d93299fc0eba6ad77d97 [32m200[0m 44.295 ms - 72[0m
[0mPOST /posts/create [32m200[0m 29.981 ms - 273[0m
[0mPOST /comments/create [32m200[0m 43.838 ms - 441[0m
[0mPOST /likes/toggle/?id=6405d93f99fc0eba6ad77dbb&type=Comment [32m200[0m 42.281 ms - 58[0m
[0mPOST /comments/create [32m200[0m 23.712 ms - 441[0m
[0mGET / [32m200[0m 92.339 ms - 4912[0m
[0mGET /favicon.ico [33m404[0m 6.986 ms - 150[0m
[0mGET / [36m304[0m 56.901 ms - -[0m
[0mGET /users/sign-in [32m200[0m 20.094 ms - 2095[0m
[0mGET /users/css/layout.css [33m404[0m 22.977 ms - 159[0m
[0mGET /users/css/header.css [33m404[0m 15.852 ms - 159[0m
[0mGET /users/css/footer.css [33m404[0m 16.447 ms - 159[0m
[0mPOST /users/create-session [36m302[0m 13.654 ms - 72[0m
[0mGET /users/sign-in [32m200[0m 4.681 ms - 2387[0m
[0mGET /users/css/layout.css [33m404[0m 14.788 ms - 159[0m
[0mGET /users/css/header.css [33m404[0m 16.088 ms - 159[0m
[0mGET /users/css/footer.css [33m404[0m 18.350 ms - 159[0m
[0mPOST /users/create-session [36m302[0m 9.347 ms - 46[0m
[0mGET / [32m200[0m 38.030 ms - 7086[0m
[0mGET / [32m200[0m 82.127 ms - 6795[0m
[0mGET / [36m304[0m 147.493 ms - -[0m
[0mGET / [32m200[0m 86.218 ms - 4912[0m
[0mGET /favicon.ico [33m404[0m 13.630 ms - 150[0m
[0mGET /users/sign-in [32m200[0m 11.636 ms - 2095[0m
[0mGET /users/css/layout.css [33m404[0m 15.461 ms - 159[0m
[0mGET /users/css/header.css [33m404[0m 15.101 ms - 159[0m
[0mGET /users/css/footer.css [33m404[0m 16.045 ms - 159[0m
[0mGET /users/css/layout.css [33m404[0m 11.409 ms - 159[0m
[0mGET /users/css/header.css [33m404[0m 12.548 ms - 159[0m
[0mGET /users/css/footer.css [33m404[0m 17.267 ms - 159[0m
[0mGET /users/sign-up [32m200[0m 8.937 ms - 2251[0m
[0mGET /users/css/layout.css [33m404[0m 9.254 ms - 159[0m
[0mGET /users/css/header.css [33m404[0m 10.806 ms - 159[0m
[0mGET /users/css/footer.css [33m404[0m 13.569 ms - 159[0m
[0mGET /users/css/layout.css [33m404[0m 4.704 ms - 159[0m
[0mGET /users/css/header.css [33m404[0m 7.760 ms - 159[0m
[0mGET /users/css/footer.css [33m404[0m 10.514 ms - 159[0m
[0mGET / [31m500[0m 150.273 ms - 1812[0m
[0mGET / [31m500[0m 37.078 ms - 1812[0m
[0mGET /favicon.ico [33m404[0m 6.385 ms - 150[0m
[0mGET / [31m500[0m 115.936 ms - 1812[0m
[0mGET / [31m500[0m 71.355 ms - 1812[0m
[0mGET / [31m500[0m 60.881 ms - 1646[0m
[0mGET / [32m200[0m 120.031 ms - 4857[0m
[0mGET /undefined [33m404[0m 9.467 ms - 148[0m
[0mGET /undefined [33m404[0m 4.500 ms - 148[0m
[0mGET /undefined [33m404[0m 2.805 ms - 148[0m
[0mGET /undefined [33m404[0m 3.803 ms - 148[0m
[0mGET /undefined [33m404[0m 5.006 ms - 148[0m
[0mGET /undefined [33m404[0m 5.368 ms - 148[0m
[0mGET / [36m304[0m 104.310 ms - -[0m
[0mGET /undefined [33m404[0m 10.383 ms - 148[0m
[0mGET /undefined [33m404[0m 10.150 ms - 148[0m
[0mGET /undefined [33m404[0m 3.145 ms - 148[0m
[0mGET /undefined [33m404[0m 4.050 ms - 148[0m
[0mGET /undefined [33m404[0m 3.105 ms - 148[0m
[0mGET /undefined [33m404[0m 3.023 ms - 148[0m
[0mGET /users/sign-up [32m200[0m 18.499 ms - 2239[0m
[0mGET /undefined [33m404[0m 4.261 ms - 148[0m
[0mGET / [36m304[0m 89.345 ms - -[0m
[0mGET /undefined [33m404[0m 5.014 ms - 148[0m
[0mGET /undefined [33m404[0m 4.975 ms - 148[0m
[0mGET /undefined [33m404[0m 2.921 ms - 148[0m
[0mGET /undefined [33m404[0m 3.824 ms - 148[0m
[0mGET /undefined [33m404[0m 5.811 ms - 148[0m
[0mGET /undefined [33m404[0m 3.860 ms - 148[0m
[0mGET / [36m304[0m 104.202 ms - -[0m
[0mGET /undefined [33m404[0m 7.219 ms - 148[0m
[0mGET /undefined [33m404[0m 5.733 ms - 148[0m
[0mGET /undefined [33m404[0m 3.136 ms - 148[0m
[0mGET /undefined [33m404[0m 3.716 ms - 148[0m
[0mGET /undefined [33m404[0m 3.531 ms - 148[0m
[0mGET /undefined [33m404[0m 3.535 ms - 148[0m
[0mGET /users/sign-up [36m304[0m 24.289 ms - -[0m
[0mGET /undefined [33m404[0m 4.391 ms - 148[0m
[0mGET /users/sign-in [32m200[0m 17.730 ms - 2083[0m
[0mGET /undefined [33m404[0m 3.717 ms - 148[0m
[0mPOST /users/create-session [36m302[0m 18.962 ms - 72[0m
[0mGET /users/sign-in [32m200[0m 7.152 ms - 2375[0m
[0mGET /undefined [33m404[0m 5.149 ms - 148[0m
[0mPOST /users/create-session [36m302[0m 8.074 ms - 72[0m
[0mGET /users/sign-in [36m304[0m 7.208 ms - -[0m
[0mGET /undefined [33m404[0m 3.519 ms - 148[0m
[0mPOST /users/create-session [36m302[0m 6.124 ms - 72[0m
[0mGET /users/sign-in [36m304[0m 6.034 ms - -[0m
[0mGET /undefined [33m404[0m 5.321 ms - 148[0m
[0mGET /users/auth/google [36m302[0m 7.911 ms - 0[0m
[0mGET /users/auth/google/callback?code=4%2F0AWtgzh4GSZ41-CQ9Px_KEHBWQkg7ig9yB3udgSgzfVOpGoERhj6eInwnLWvIUz5ykD6exg&scope=email+profile+https%3A%2F%2Fwww.googleapis.com%2Fauth%2Fuserinfo.profile+https%3A%2F%2Fwww.googleapis.com%2Fauth%2Fuserinfo.email+openid&authuser=0&prompt=consent [36m302[0m 790.452 ms - 46[0m
[0mGET / [32m200[0m 51.970 ms - 7055[0m
[0mGET /undefined [33m404[0m 7.430 ms - 148[0m
[0mGET /undefined [33m404[0m 7.578 ms - 148[0m
[0mGET /undefined [33m404[0m 4.523 ms - 148[0m
[0mGET /undefined [33m404[0m 6.240 ms - 148[0m
[0mGET /undefined [33m404[0m 6.466 ms - 148[0m
[0mGET /undefined [33m404[0m 7.171 ms - 148[0m
[0mPOST /comments/create [36m302[0m 42.240 ms - 46[0m
[0mGET / [32m200[0m 45.450 ms - 7780[0m
[0mGET /undefined [33m404[0m 8.680 ms - 148[0m
[0mGET /undefined [33m404[0m 8.754 ms - 148[0m
[0mGET /undefined [33m404[0m 5.880 ms - 148[0m
[0mGET /undefined [33m404[0m 6.707 ms - 148[0m
[0mGET /undefined [33m404[0m 7.016 ms - 148[0m
[0mGET /undefined [33m404[0m 6.810 ms - 148[0m
[0mGET / [32m200[0m 112.697 ms - 7548[0m
[0mGET / [36m304[0m 45.871 ms - -[0m
[0mGET / [36m304[0m 49.053 ms - -[0m
[0mGET /users/sign-out [36m302[0m 27.104 ms - 46[0m
[0mGET / [32m200[0m 22.393 ms - 5912[0m
[0mGET /users/sign-in [32m200[0m 10.452 ms - 2095[0m
[0mGET /users/css/layout.css [33m404[0m 9.626 ms - 159[0m
[0mGET /users/css/header.css [33m404[0m 9.492 ms - 159[0m
[0mGET /users/css/footer.css [33m404[0m 12.590 ms - 159[0m
[0mGET /users/css/layout.css [33m404[0m 6.405 ms - 159[0m
[0mGET /users/css/header.css [33m404[0m 7.573 ms - 159[0m
[0mGET /users/css/footer.css [33m404[0m 8.531 ms - 159[0m
[0mGET /users/sign-up [32m200[0m 16.561 ms - 2251[0m
[0mGET /users/css/layout.css [33m404[0m 7.144 ms - 159[0m
[0mGET /users/css/header.css [33m404[0m 7.497 ms - 159[0m
[0mGET /users/css/footer.css [33m404[0m 11.296 ms - 159[0m
[0mGET /users/css/layout.css [33m404[0m 4.588 ms - 159[0m
[0mGET /users/css/header.css [33m404[0m 4.749 ms - 159[0m
[0mGET /users/css/footer.css [33m404[0m 7.342 ms - 159[0m
[0mGET /users/css/layout.css [33m404[0m 6.893 ms - 159[0m
[0mGET /users/css/header.css [33m404[0m 9.248 ms - 159[0m
[0mGET /users/css/footer.css [33m404[0m 8.395 ms - 159[0m
[0mGET / [32m200[0m 85.346 ms - 5623[0m
[0mGET /favicon.ico [33m404[0m 4.450 ms - 150[0m
[0mGET /users/sign-up [36m304[0m 6.080 ms - -[0m
[0mGET /users/css/layout.css [33m404[0m 11.120 ms - 159[0m
[0mGET /users/css/header.css [33m404[0m 12.619 ms - 159[0m
[0mGET /users/css/footer.css [33m404[0m 13.165 ms - 159[0m
[0mGET /users/css/layout.css [33m404[0m 3.915 ms - 159[0m
[0mGET /users/css/header.css [33m404[0m 4.236 ms - 159[0m
[0mGET /users/css/footer.css [33m404[0m 6.331 ms - 159[0m
[0mGET / [36m304[0m 45.937 ms - -[0m
[0mGET / [36m304[0m 51.461 ms - -[0m
[0mGET / [36m304[0m 48.499 ms - -[0m
[0mGET /users/sign-up [36m304[0m 6.640 ms - -[0m
[0mGET /users/css/layout.css [33m404[0m 11.872 ms - 159[0m
[0mGET /users/css/header.css [33m404[0m 14.337 ms - 159[0m
[0mGET /users/css/footer.css [33m404[0m 17.075 ms - 159[0m
[0mGET / [32m200[0m 46.510 ms - 5568[0m
[0mGET /undefined [33m404[0m 6.373 ms - 148[0m
[0mGET /undefined [33m404[0m 4.439 ms - 148[0m
[0mGET /undefined [33m404[0m 3.107 ms - 148[0m
[0mGET /undefined [33m404[0m 2.075 ms - 148[0m
[0mGET /undefined [33m404[0m 2.639 ms - 148[0m
[0mGET /undefined [33m404[0m 5.443 ms - 148[0m
[0mGET / [31m500[0m 38.978 ms - 1646[0m
[0mGET / [31m500[0m 39.941 ms - 1646[0m
[0mGET / [32m200[0m 45.074 ms - 5568[0m
[0mGET /undefined [33m404[0m 5.142 ms - 148[0m
[0mGET /undefined [33m404[0m 3.492 ms - 148[0m
[0mGET /undefined [33m404[0m 2.928 ms - 148[0m
[0mGET /undefined [33m404[0m 3.778 ms - 148[0m
[0mGET /undefined [33m404[0m 4.377 ms - 148[0m
[0mGET /undefined [33m404[0m 3.094 ms - 148[0m
[0mGET / [36m304[0m 43.341 ms - -[0m
[0mGET /undefined [33m404[0m 6.167 ms - 148[0m
[0mGET /undefined [33m404[0m 3.832 ms - 148[0m
[0mGET /undefined [33m404[0m 3.050 ms - 148[0m
[0mGET /undefined [33m404[0m 3.463 ms - 148[0m
[0mGET /undefined [33m404[0m 3.638 ms - 148[0m
[0mGET /undefined [33m404[0m 2.306 ms - 148[0m
[0mGET / [36m304[0m 42.263 ms - -[0m
[0mGET /undefined [33m404[0m 6.006 ms - 148[0m
[0mGET /undefined [33m404[0m 3.463 ms - 148[0m
[0mGET /undefined [33m404[0m 2.371 ms - 148[0m
[0mGET /undefined [33m404[0m 3.188 ms - 148[0m
[0mGET /undefined [33m404[0m 2.319 ms - 148[0m
[0mGET /undefined [33m404[0m 5.125 ms - 148[0m
[0mGET / [36m304[0m 46.874 ms - -[0m
[0mGET /undefined [33m404[0m 3.535 ms - 148[0m
[0mGET /undefined [33m404[0m 5.134 ms - 148[0m
[0mGET /undefined [33m404[0m 2.443 ms - 148[0m
[0mGET /undefined [33m404[0m 3.334 ms - 148[0m
[0mGET /undefined [33m404[0m 2.577 ms - 148[0m
[0mGET /undefined [33m404[0m 4.352 ms - 148[0m
[0mGET / [36m304[0m 48.868 ms - -[0m
[0mGET /undefined [33m404[0m 5.809 ms - 148[0m
[0mGET /undefined [33m404[0m 4.696 ms - 148[0m
[0mGET /undefined [33m404[0m 3.455 ms - 148[0m
[0mGET /undefined [33m404[0m 3.042 ms - 148[0m
[0mGET /undefined [33m404[0m 3.675 ms - 148[0m
[0mGET /undefined [33m404[0m 4.676 ms - 148[0m
[0mGET / [36m304[0m 60.328 ms - -[0m
[0mGET /undefined [33m404[0m 6.501 ms - 148[0m
[0mGET /undefined [33m404[0m 5.042 ms - 148[0m
[0mGET /undefined [33m404[0m 2.754 ms - 148[0m
[0mGET /undefined [33m404[0m 4.986 ms - 148[0m
[0mGET /undefined [33m404[0m 3.119 ms - 148[0m
[0mGET /undefined [33m404[0m 5.728 ms - 148[0m
[0mGET / [32m200[0m 48.840 ms - 5623[0m
[0mGET / [36m304[0m 45.278 ms - -[0m
[0mGET /users/sign-up [36m304[0m 7.562 ms - -[0m
[0mGET /users/css/layout.css [33m404[0m 7.854 ms - 159[0m
[0mGET /users/css/header.css [33m404[0m 10.170 ms - 159[0m
[0mGET /users/css/footer.css [33m404[0m 6.381 ms - 159[0m
[0mGET /users/css/layout.css [33m404[0m 7.657 ms - 159[0m
[0mGET /users/css/header.css [33m404[0m 6.956 ms - 159[0m
[0mGET /users/css/footer.css [33m404[0m 7.450 ms - 159[0m
[0mGET /users/sign-up [32m200[0m 14.166 ms - 2239[0m
[0mGET /undefined [33m404[0m 4.842 ms - 148[0m
[0mGET /users/sign-up [36m304[0m 7.359 ms - -[0m
[0mGET /undefined [33m404[0m 4.525 ms - 148[0m
[0mGET /users/sign-up [32m200[0m 12.997 ms - 2251[0m
[0mGET /users/css/layout.css [33m404[0m 13.917 ms - 159[0m
[0mGET /users/css/header.css [33m404[0m 10.475 ms - 159[0m
[0mGET /users/css/footer.css [33m404[0m 13.929 ms - 159[0m
[0mGET /users/css/layout.css [33m404[0m 5.048 ms - 159[0m
[0mGET /users/css/header.css [33m404[0m 5.520 ms - 159[0m
[0mGET /users/css/footer.css [33m404[0m 6.989 ms - 159[0m
[0mGET /users/sign-up [36m304[0m 5.217 ms - -[0m
[0mGET /users/css/layout.css [33m404[0m 7.469 ms - 159[0m
[0mGET /users/css/header.css [33m404[0m 8.336 ms - 159[0m
[0mGET /users/css/footer.css [33m404[0m 7.243 ms - 159[0m
[0mGET / [36m304[0m 40.647 ms - -[0m
[0mGET /users/sign-up [36m304[0m 4.238 ms - -[0m
[0mGET /users/css/layout.css [33m404[0m 3.857 ms - 159[0m
[0mGET /users/css/header.css [33m404[0m 5.378 ms - 159[0m
[0mGET /users/css/footer.css [33m404[0m 5.984 ms - 159[0m
[0mGET /users/css/layout.css [33m404[0m 3.141 ms - 159[0m
[0mGET /users/css/header.css [33m404[0m 2.639 ms - 159[0m
[0mGET /users/css/footer.css [33m404[0m 3.243 ms - 159[0m
[0mGET /users/sign-up [36m304[0m 4.375 ms - -[0m
[0mGET /users/css/layout.css [33m404[0m 3.524 ms - 159[0m
[0mGET /users/css/header.css [33m404[0m 5.854 ms - 159[0m
[0mGET /users/css/footer.css [33m404[0m 4.228 ms - 159[0m
[0mGET /users/css/layout.css [33m404[0m 2.314 ms - 159[0m
[0mGET /users/css/header.css [33m404[0m 3.324 ms - 159[0m
[0mGET /users/css/footer.css [33m404[0m 4.067 ms - 159[0m
[0mGET / [32m200[0m 91.909 ms - 5623[0m
[0mGET /favicon.ico [33m404[0m 6.485 ms - 150[0m
[0mGET /users/sign-up [36m304[0m 21.371 ms - -[0m
[0mGET /users/css/layout.css [33m404[0m 14.324 ms - 159[0m
[0mGET /users/css/header.css [33m404[0m 12.279 ms - 159[0m
[0mGET /users/css/footer.css [33m404[0m 16.148 ms - 159[0m
[0mGET /users/css/layout.css [33m404[0m 6.762 ms - 159[0m
[0mGET /users/css/header.css [33m404[0m 7.193 ms - 159[0m
[0mGET /users/css/footer.css [33m404[0m 8.623 ms - 159[0m
[0mGET /users/sign-up [36m304[0m 9.473 ms - -[0m
[0mGET /users/css/layout.css [33m404[0m 8.716 ms - 159[0m
[0mGET /users/css/header.css [33m404[0m 12.318 ms - 159[0m
[0mGET /users/css/footer.css [33m404[0m 15.093 ms - 159[0m
[0mGET /users/sign-up [36m304[0m 17.738 ms - -[0m
[0mGET /users/css/layout.css [33m404[0m 29.211 ms - 159[0m
[0mGET /users/css/header.css [33m404[0m 26.964 ms - 159[0m
[0mGET /users/css/footer.css [33m404[0m 25.515 ms - 159[0m
[0mGET /users/sign-up [32m200[0m 14.183 ms - 2117[0m
[0mGET /users/sign-in [32m200[0m 5.994 ms - 1961[0m
[0mGET /users/auth/google [36m302[0m 6.759 ms - 0[0m
[0mGET /users/auth/google/callback?code=4/0AWtgzh6-tvsJMCjKEUxlthKIX_AoFRG5o7k31imGLCoA6z-cmIc5YT0MN10KA9RVzfUzyw&scope=email%20profile%20https://www.googleapis.com/auth/userinfo.profile%20https://www.googleapis.com/auth/userinfo.email%20openid&authuser=0&hd=codingninjas.com&prompt=consent [36m302[0m 733.356 ms - 46[0m
[0mGET / [32m200[0m 38.108 ms - 7432[0m
[0mGET /socket.io/?EIO=3&transport=polling&t=OR0K0Qt [33m404[0m 7.687 ms - 149[0m
[0mGET /socket.io/?EIO=3&transport=polling&t=OR0K0ga [33m404[0m 10.847 ms - 149[0m
[0mGET /socket.io/?EIO=3&transport=polling&t=OR0K15Y [33m404[0m 11.435 ms - 149[0m
[0mGET /socket.io/?EIO=3&transport=polling&t=OR0K1gk [33m404[0m 11.648 ms - 149[0m
[0mGET /socket.io/?EIO=3&transport=polling&t=OR0K37v [33m404[0m 6.180 ms - 149[0m
[0mGET /socket.io/?EIO=3&transport=polling&t=OR0K4bm [33m404[0m 5.814 ms - 149[0m
[0mGET /socket.io/?EIO=3&transport=polling&t=OR0K63L [33m404[0m 6.264 ms - 149[0m
[0mGET /socket.io/?EIO=3&transport=polling&t=OR0Nmwk [33m404[0m 105.880 ms - 149[0m
[0mGET /socket.io/?EIO=3&transport=polling&t=OR0NoOW [33m404[0m 27.734 ms - 149[0m
[0mGET /socket.io/?EIO=3&transport=polling&t=OR0NpsH [33m404[0m 23.739 ms - 149[0m
[0mGET /socket.io/?EIO=3&transport=polling&t=OR0NrJy [33m404[0m 10.684 ms - 149[0m
[0mGET /socket.io/?EIO=3&transport=polling&t=OR0Nsnm [33m404[0m 11.669 ms - 149[0m
[0mGET /socket.io/?EIO=3&transport=polling&t=OR0NuFS [33m404[0m 7.071 ms - 149[0m
[0mGET /socket.io/?EIO=3&transport=polling&t=OR0Nvj3 [33m404[0m 6.595 ms - 149[0m
[0mGET /socket.io/?EIO=3&transport=polling&t=OR0NxAx [33m404[0m 10.417 ms - 149[0m
[0mGET /socket.io/?EIO=3&transport=polling&t=OR0Nyei [33m404[0m 9.327 ms - 149[0m
[0mGET /socket.io/?EIO=3&transport=polling&t=OR0N-6U [33m404[0m 14.603 ms - 149[0m
[0mGET /socket.io/?EIO=3&transport=polling&t=OR0N_aG [33m404[0m 7.821 ms - 149[0m
[0mGET /socket.io/?EIO=3&transport=polling&t=OR0O11p [33m404[0m 8.788 ms - 149[0m
[0mGET /socket.io/?EIO=3&transport=polling&t=OR0O2Vo [33m404[0m 8.665 ms - 149[0m
[0mGET /socket.io/?EIO=3&transport=polling&t=OR0O3zQ [33m404[0m 5.546 ms - 149[0m
[0mGET /socket.io/?EIO=3&transport=polling&t=OR0O5RC [33m404[0m 7.438 ms - 149[0m
[0mGET /socket.io/?EIO=3&transport=polling&t=OR0O6uz [33m404[0m 5.850 ms - 149[0m
[0mGET /socket.io/?EIO=3&transport=polling&t=OR0O8Mb [33m404[0m 6.497 ms - 149[0m
[0mGET /socket.io/?EIO=3&transport=polling&t=OR0O9qW [33m404[0m 13.409 ms - 149[0m
[0mGET /socket.io/?EIO=3&transport=polling&t=OR0OBID [33m404[0m 17.801 ms - 149[0m
[0mGET /socket.io/?EIO=3&transport=polling&t=OR0OCl- [33m404[0m 8.491 ms - 149[0m
[0mGET /socket.io/?EIO=3&transport=polling&t=OR0OEDh [33m404[0m 10.311 ms - 149[0m
[0mGET /socket.io/?EIO=3&transport=polling&t=OR0OFhW [33m404[0m 5.592 ms - 149[0m
[0mGET /socket.io/?EIO=3&transport=polling&t=OR0OH93 [33m404[0m 6.680 ms - 149[0m
[0mGET /socket.io/?EIO=3&transport=polling&t=OR0OId1 [33m404[0m 5.757 ms - 149[0m
[0mGET /socket.io/?EIO=3&transport=polling&t=OR0OK4Z [33m404[0m 6.819 ms - 149[0m
[0mGET /socket.io/?EIO=3&transport=polling&t=OR0OLYK [33m404[0m 5.797 ms - 149[0m
[0mGET /socket.io/?EIO=3&transport=polling&t=OR0ON09 [33m404[0m 5.759 ms - 149[0m
[0mGET /socket.io/?EIO=3&transport=polling&t=OR0OOT- [33m404[0m 6.638 ms - 149[0m
[0mGET /socket.io/?EIO=3&transport=polling&t=OR0OPxk [33m404[0m 6.269 ms - 149[0m
[0mGET /socket.io/?EIO=3&transport=polling&t=OR0ORPO [33m404[0m 6.184 ms - 149[0m
[0mGET /socket.io/?EIO=3&transport=polling&t=OR0OSt8 [33m404[0m 5.900 ms - 149[0m
[0mGET /socket.io/?EIO=3&transport=polling&t=OR0OUKw [33m404[0m 6.684 ms - 149[0m
[0mGET /socket.io/?EIO=3&transport=polling&t=OR0OVoa [33m404[0m 6.003 ms - 149[0m
[0mGET /socket.io/?EIO=3&transport=polling&t=OR0OXGU [33m404[0m 9.077 ms - 149[0m
[0mGET /socket.io/?EIO=3&transport=polling&t=OR0OYk4 [33m404[0m 9.276 ms - 149[0m
[0mGET /socket.io/?EIO=3&transport=polling&t=OR0OaBt [33m404[0m 4.913 ms - 149[0m
[0mGET /socket.io/?EIO=3&transport=polling&t=OR0Obfc [33m404[0m 4.590 ms - 149[0m
[0mGET /socket.io/?EIO=3&transport=polling&t=OR0Octy [33m404[0m 9.287 ms - 149[0m
[0mGET / [32m200[0m 73.763 ms - 5279[0m
[0mGET /favicon.ico [33m404[0m 5.187 ms - 150[0m
[0mGET /users/sign-in [32m200[0m 11.613 ms - 1961[0m
[0mPOST /users/create-session [36m302[0m 8.100 ms - 72[0m
[0mGET /users/sign-in [32m200[0m 5.931 ms - 2181[0m
[0mGET /users/auth/google [36m302[0m 20.342 ms - 0[0m
[0mGET /users/auth/google/callback?code=4%2F0AWtgzh6VvZ7MPYqXd3mAuLvuARDegS6bB0-n18LTkxFDYoQs6l5UOBSmxRHX9wsWPrmgyQ&scope=email+profile+https%3A%2F%2Fwww.googleapis.com%2Fauth%2Fuserinfo.profile+https%3A%2F%2Fwww.googleapis.com%2Fauth%2Fuserinfo.email+openid&authuser=0&prompt=none [36m302[0m 515.039 ms - 46[0m
[0mGET / [32m200[0m 61.613 ms - 7427[0m
[0mGET /socket.io/?EIO=3&transport=polling&t=OR0OiTY [33m404[0m 7.391 ms - 149[0m
[0mGET /socket.io/?EIO=3&transport=polling&t=OR0Oigg [33m404[0m 14.483 ms - 149[0m
[0mGET /socket.io/?EIO=3&transport=polling&t=OR0OjML [33m404[0m 13.055 ms - 149[0m
[0mGET /socket.io/?EIO=3&transport=polling&t=OR0OjyF [33m404[0m 10.135 ms - 149[0m
[0mGET /socket.io/?EIO=3&transport=polling&t=OR0OlAx [33m404[0m 10.846 ms - 149[0m
[0mGET /socket.io/?EIO=3&transport=polling&t=OR0OmPU [33m404[0m 10.336 ms - 149[0m
[0mGET /socket.io/?EIO=3&transport=polling&t=OR0One1 [33m404[0m 5.329 ms - 149[0m
[0mGET /socket.io/?EIO=3&transport=polling&t=OR0OosR [33m404[0m 6.992 ms - 149[0m
[0mGET /socket.io/?EIO=3&transport=polling&t=OR0Oq4p [33m404[0m 10.852 ms - 149[0m
[0mGET /socket.io/?EIO=3&transport=polling&t=OR0OrXM [33m404[0m 11.987 ms - 149[0m
[0mGET /socket.io/?EIO=3&transport=polling&t=OR0Os-w [33m404[0m 5.333 ms - 149[0m
[0mGET /socket.io/?EIO=3&transport=polling&t=OR0OuSq [33m404[0m 11.398 ms - 149[0m
[0mGET /socket.io/?EIO=3&transport=polling&t=OR0Ovwa [33m404[0m 14.518 ms - 149[0m
[0mGET /socket.io/?EIO=3&transport=polling&t=OR0OxOu [33m404[0m 7.293 ms - 149[0m
[0mGET /socket.io/?EIO=3&transport=polling&t=OR0Oyrz [33m404[0m 7.806 ms - 149[0m
[0mGET /socket.io/?EIO=3&transport=polling&t=OR0O-J_ [33m404[0m 7.448 ms - 149[0m
[0mGET /socket.io/?EIO=3&transport=polling&t=OR0O_oM [33m404[0m 8.546 ms - 149[0m
[0mGET /socket.io/?EIO=3&transport=polling&t=OR0P12C [33m404[0m 30.665 ms - 149[0m
[0mGET /socket.io/?EIO=3&transport=polling&t=OR0P2HJ [33m404[0m 10.795 ms - 149[0m
[0mGET /socket.io/?EIO=3&transport=polling&t=OR0P3Vn [33m404[0m 13.756 ms - 149[0m
[0mGET /socket.io/?EIO=3&transport=polling&t=OR0P4kW [33m404[0m 7.663 ms - 149[0m
[0mGET /socket.io/?EIO=3&transport=polling&t=OR0P5z3 [33m404[0m 8.171 ms - 149[0m
[0mGET / [32m200[0m 102.112 ms - 7208[0m
[0mGET /socket.io/?EIO=3&transport=polling&t=OR0P77t [33m404[0m 15.935 ms - 149[0m
[0mGET /socket.io/?EIO=3&transport=polling&t=OR0P7Pr [33m404[0m 8.317 ms - 149[0m
[0mGET /socket.io/?EIO=3&transport=polling&t=OR0P7yP [33m404[0m 7.933 ms - 149[0m
[0mGET /socket.io/?EIO=3&transport=polling&t=OR0P8bm [33m404[0m 8.089 ms - 149[0m
[0mGET /socket.io/?EIO=3&transport=polling&t=OR0P9qG [33m404[0m 6.635 ms - 149[0m
[0mGET / [32m200[0m 38.788 ms - 7939[0m
[0mPOST /comments/create [0m-[0m - ms - -[0m
[0mGET /socket.io/?EIO=3&transport=polling&t=OR0PAOD [33m404[0m 7.497 ms - 149[0m
[0mGET /socket.io/?EIO=3&transport=polling&t=OR0PAd- [33m404[0m 7.734 ms - 149[0m
[0mGET /socket.io/?EIO=3&transport=polling&t=OR0PB7A [33m404[0m 9.512 ms - 149[0m
[0mGET /socket.io/?EIO=3&transport=polling&t=OR0PB_B [33m404[0m 9.135 ms - 149[0m
[0mGET /socket.io/?EIO=3&transport=polling&t=OR0PDSa [33m404[0m 6.943 ms - 149[0m
[0mGET /socket.io/?EIO=3&transport=polling&t=OR0PEwM [33m404[0m 6.055 ms - 149[0m
[0mGET /socket.io/?EIO=3&transport=polling&t=OR0PGO3 [33m404[0m 14.115 ms - 149[0m
[0mGET /socket.io/?EIO=3&transport=polling&t=OR0PHrl [33m404[0m 6.709 ms - 149[0m
[0mGET /socket.io/?EIO=3&transport=polling&t=OR0PJJd [33m404[0m 13.332 ms - 149[0m
[0mGET /socket.io/?EIO=3&transport=polling&t=OR0PKnM [33m404[0m 6.869 ms - 149[0m
[0mGET /socket.io/?EIO=3&transport=polling&t=OR0PMEu [33m404[0m 14.209 ms - 149[0m
[0mGET /socket.io/?EIO=3&transport=polling&t=OR0PNin [33m404[0m 9.658 ms - 149[0m
[0mGET /socket.io/?EIO=3&transport=polling&t=OR0PPAa [33m404[0m 11.634 ms - 149[0m
[0mGET /socket.io/?EIO=3&transport=polling&t=OR0PQeF [33m404[0m 5.916 ms - 149[0m
[0mGET /socket.io/?EIO=3&transport=polling&t=OR0PS64 [33m404[0m 4.736 ms - 149[0m
[0mGET /socket.io/?EIO=3&transport=polling&t=OR0PTZq [33m404[0m 7.893 ms - 149[0m
[0mGET /socket.io/?EIO=3&transport=polling&t=OR0PUoT [33m404[0m 7.832 ms - 149[0m
[0mGET /socket.io/?EIO=3&transport=polling&t=OR0PWFX [33m404[0m 11.076 ms - 149[0m
[0mGET /socket.io/?EIO=3&transport=polling&t=OR0PXjP [33m404[0m 7.107 ms - 149[0m
[0mGET /socket.io/?EIO=3&transport=polling&t=OR0PZBC [33m404[0m 10.082 ms - 149[0m
[0mGET /socket.io/?EIO=3&transport=polling&t=OR0Paeq [33m404[0m 8.546 ms - 149[0m
[0mGET /socket.io/?EIO=3&transport=polling&t=OR0Pc6Z [33m404[0m 7.927 ms - 149[0m
[0mGET /socket.io/?EIO=3&transport=polling&t=OR0PdaR [33m404[0m 10.198 ms - 149[0m
[0mGET /socket.io/?EIO=3&transport=polling&t=OR0Pep8 [33m404[0m 12.525 ms - 149[0m
[0mGET /socket.io/?EIO=3&transport=polling&t=OR0PgGC [33m404[0m 8.436 ms - 149[0m
[0mGET /socket.io/?EIO=3&transport=polling&t=OR0Phjy [33m404[0m 7.123 ms - 149[0m
[0mGET /socket.io/?EIO=3&transport=polling&t=OR0PjBe [33m404[0m 15.203 ms - 149[0m
[0mGET /socket.io/?EIO=3&transport=polling&t=OR0PkfZ [33m404[0m 5.587 ms - 149[0m
[0mGET /socket.io/?EIO=3&transport=polling&t=OR0Pm7L [33m404[0m 8.190 ms - 149[0m
[0mGET /socket.io/?EIO=3&transport=polling&t=OR0Pnaz [33m404[0m 10.573 ms - 149[0m
[0mGET /socket.io/?EIO=3&transport=polling&t=OR0Pp2h [33m404[0m 8.018 ms - 149[0m
[0mGET /socket.io/?EIO=3&transport=polling&t=OR0PqWT [33m404[0m 8.440 ms - 149[0m
[0mGET /socket.io/?EIO=3&transport=polling&t=OR0Pr-N [33m404[0m 6.672 ms - 149[0m
[0mGET /socket.io/?EIO=3&transport=polling&t=OR0PtS3 [33m404[0m 7.929 ms - 149[0m
[0mGET /socket.io/?EIO=3&transport=polling&t=OR0Puvq [33m404[0m 12.708 ms - 149[0m
[0mGET /socket.io/?EIO=3&transport=polling&t=OR0PwNa [33m404[0m 5.661 ms - 149[0m
[0mGET /socket.io/?EIO=3&transport=polling&t=OR0Pxr7 [33m404[0m 4.656 ms - 149[0m
[0mGET /socket.io/?EIO=3&transport=polling&t=OR0PzIz [33m404[0m 12.028 ms - 149[0m
[0mGET /socket.io/?EIO=3&transport=polling&t=OR0P-mm [33m404[0m 5.588 ms - 149[0m
[0mGET /socket.io/?EIO=3&transport=polling&t=OR0Q0EW [33m404[0m 12.980 ms - 149[0m
[0mGET /socket.io/?EIO=3&transport=polling&t=OR0Q1i9 [33m404[0m 8.402 ms - 149[0m
[0mGET /socket.io/?EIO=3&transport=polling&t=OR0Q3A4 [33m404[0m 12.778 ms - 149[0m
[0mGET /socket.io/?EIO=3&transport=polling&t=OR0Q4dm [33m404[0m 5.751 ms - 149[0m
[0mGET /socket.io/?EIO=3&transport=polling&t=OR0Q65Y [33m404[0m 5.076 ms - 149[0m
[0mGET / [36m304[0m 76.910 ms - -[0m
[0mGET / [32m200[0m 55.372 ms - 8670[0m
[0mPOST /comments/create [0m-[0m - ms - -[0m
[0mGET / [32m200[0m 49.360 ms - 9400[0m
[0mPOST /comments/create [0m-[0m - ms - -[0m
[0mGET / [32m200[0m 50.046 ms - 13050[0m
[0mPOST /comments/create [0m-[0m - ms - -[0m
[0mPOST /comments/create [0m-[0m - ms - -[0m
[0mPOST /comments/create [0m-[0m - ms - -[0m
[0mPOST /comments/create [0m-[0m - ms - -[0m
[0mPOST /comments/create [0m-[0m - ms - -[0m
[0mGET / [36m304[0m 78.074 ms - -[0m
[0mPOST /posts/create [32m200[0m 35.095 ms - 273[0m
[0mGET / [32m200[0m 106.159 ms - 14543[0m
[0mGET / [32m200[0m 37.052 ms - 15274[0m
[0mPOST /comments/create [0m-[0m - ms - -[0m
[0mGET / [36m304[0m 40.250 ms - -[0m
[0mGET / [32m200[0m 39.086 ms - 17461[0m
[0mPOST /comments/create [0m-[0m - ms - -[0m
[0mPOST /comments/create [0m-[0m - ms - -[0m
[0mPOST /comments/create [0m-[0m - ms - -[0m
[0mGET / [32m200[0m 131.546 ms - 17462[0m
[0mGET / [32m200[0m 45.169 ms - 18918[0m
[0mPOST /comments/create [0m-[0m - ms - -[0m
[0mPOST /comments/create [0m-[0m - ms - -[0m
[0mGET / [32m200[0m 68.091 ms - 21111[0m
[0mPOST /comments/create [0m-[0m - ms - -[0m
[0mGET / [36m304[0m 158.367 ms - -[0m
[0mPOST /posts/create [32m200[0m 23.704 ms - 272[0m
[0mGET / [32m200[0m 69.100 ms - 24063[0m
[0mPOST /comments/create [0m-[0m - ms - -[0m
[0mGET / [36m304[0m 63.380 ms - -[0m
[0mGET / [36m304[0m 122.387 ms - -[0m
[0mGET /comments/create [33m404[0m 13.751 ms - 154[0m
[0mGET / [32m200[0m 67.357 ms - 25521[0m
[0mPOST /comments/create [0m-[0m - ms - -[0m
[0mPOST /comments/create [0m-[0m - ms - -[0m
[0mGET / [32m200[0m 66.804 ms - 26250[0m
[0mPOST /comments/create [0m-[0m - ms - -[0m
[0mGET / [32m200[0m 70.242 ms - 26981[0m
[0mPOST /comments/create [0m-[0m - ms - -[0m
[0mGET / [36m304[0m 158.103 ms - -[0m
[0mPOST /posts/create [32m200[0m 23.929 ms - 274[0m
[0mGET / [32m200[0m 73.299 ms - 29942[0m
[0mPOST /comments/create [0m-[0m - ms - -[0m
[0mPOST /comments/create [0m-[0m - ms - -[0m
[0mGET / [36m304[0m 114.196 ms - -[0m
[0mPOST /posts/create [32m200[0m 13.710 ms - 272[0m
[0mGET / [32m200[0m 110.192 ms - 32167[0m
[0mGET /comments/create [33m404[0m 12.766 ms - 154[0m
[0mGET / [32m200[0m 96.164 ms - 33627[0m
[0mPOST /comments/create [0m-[0m - ms - -[0m
[0mGET / [32m200[0m 269.187 ms - 34357[0m
[0mPOST /comments/create [0m-[0m - ms - -[0m
[0mGET / [32m200[0m 178.987 ms - 37277[0m
[0mPOST /comments/create [0m-[0m - ms - -[0m
[0mGET / [32m200[0m 88.969 ms - 38739[0m
[0mPOST /comments/create [0m-[0m - ms - -[0m
[0mGET / [32m200[0m 203.494 ms - 39468[0m
[0mPOST /comments/create [0m-[0m - ms - -[0m
[0mGET / [32m200[0m 303.386 ms - 40926[0m
[0mPOST /comments/create [0m-[0m - ms - -[0m
[0mPOST /posts/create [32m200[0m 30.936 ms - 271[0m
[0mGET / [32m200[0m 193.041 ms - 46068[0m
[0mPOST /comments/create [32m200[0m 172.354 ms - 37[0m
[0mGET / [32m200[0m 97.113 ms - 47526[0m
[0mPOST /comments/create [32m200[0m 30.605 ms - 37[0m
[0mPOST /comments/create [32m200[0m 37.744 ms - 37[0m
[0mGET / [32m200[0m 68.315 ms - 48987[0m
[0mGET / [36m304[0m 190.683 ms - -[0m
[0mPOST /posts/create [32m200[0m 23.447 ms - 276[0m
[0mPOST /comments/create [32m200[0m 36.315 ms - 37[0m
[0mPOST /comments/create [32m200[0m 25.097 ms - 37[0m
[0mGET / [32m200[0m 119.316 ms - 51949[0m
[0mPOST /comments/create [32m200[0m 60.815 ms - 37[0m
[0mGET /posts/destroy/6408514c19b866273ce33980 [32m200[0m 30.598 ms - 72[0m
[0mGET /posts/destroy/640850a2d0641c9c234c802c [32m200[0m 48.679 ms - 72[0m
[0mGET /posts/destroy/64084f84beb5c1b4a1f492df [32m200[0m 59.111 ms - 72[0m
[0mGET /posts/destroy/64084ee0beb5c1b4a1f492c7 [32m200[0m 47.575 ms - 72[0m
[0mGET /posts/destroy/64084dd05aa187aef985195e [32m200[0m 48.755 ms - 72[0m
[0mGET /posts/destroy/64084cf346ed32b131c0f3d7 [32m200[0m 44.364 ms - 72[0m
[0mPOST /posts/create [32m200[0m 16.359 ms - 272[0m
[0mPOST /comments/create [32m200[0m 28.702 ms - 37[0m
[0mGET / [32m200[0m 54.805 ms - 15272[0m
[0mPOST /comments/create [32m200[0m 56.650 ms - 37[0m
[0mGET / [32m200[0m 105.856 ms - 16005[0m
[0mPOST /comments/create [32m200[0m 37.853 ms - 37[0m
[0mGET / [32m200[0m 90.868 ms - 16735[0m
[0mPOST /comments/create [32m200[0m 35.483 ms - 37[0m
[0mGET / [32m200[0m 86.984 ms - 17467[0m
[0mPOST /comments/create [32m200[0m 38.029 ms - 37[0m
[0mPOST /comments/create [32m200[0m 60.057 ms - 37[0m
[0mGET / [32m200[0m 159.056 ms - 18934[0m
[0mPOST /comments/create [32m200[0m 37.814 ms - 490[0m
[0mPOST /comments/create [32m200[0m 25.576 ms - 489[0m
[0mGET / [32m200[0m 134.977 ms - 20393[0m
[0mGET /posts/destroy/640852977448da6e17958087 [32m200[0m 19.471 ms - 72[0m
[0mPOST /posts/create [32m200[0m 15.438 ms - 280[0m
[0mPOST /comments/create [32m200[0m 45.753 ms - 494[0m
[0mGET / [32m200[0m 44.380 ms - 2739[0m
[0mGET /users/sign-up [32m200[0m 17.211 ms - 2208[0m
[0mPOST /users/create [36m302[0m 50.523 ms - 72[0m
[0mGET /users/sign-in [32m200[0m 12.166 ms - 2050[0m
[0mPOST /users/create-session [36m302[0m 13.197 ms - 46[0m
[0mGET / [32m200[0m 24.578 ms - 3819[0m
[0mGET /users/sign-out [36m302[0m 10.982 ms - 46[0m
[0mGET / [32m200[0m 15.602 ms - 3056[0m
[0mGET /users/sign-in [36m304[0m 15.848 ms - -[0m
[0mGET /users/sign-in [36m304[0m 10.206 ms - -[0m
[0mGET /users/sign-in [36m304[0m 7.959 ms - -[0m
[0mGET /users/auth/google [36m302[0m 12.723 ms - 0[0m
[0mGET /users/auth/google/callback?code=4%2F0AbUR2VO8XLHX4xILWrrGcPLqcvu3XE7pYZutIcf2ydPIvksmVON-AQiDl-HUFhkIM2ZIcg&scope=email+profile+https%3A%2F%2Fwww.googleapis.com%2Fauth%2Fuserinfo.profile+https%3A%2F%2Fwww.googleapis.com%2Fauth%2Fuserinfo.email+openid&authuser=0&prompt=consent [31m500[0m 316.536 ms - 1184[0m
[0mGET /users/auth/google/callback?code=4%2F0AbUR2VO8XLHX4xILWrrGcPLqcvu3XE7pYZutIcf2ydPIvksmVON-AQiDl-HUFhkIM2ZIcg&scope=email+profile+https%3A%2F%2Fwww.googleapis.com%2Fauth%2Fuserinfo.profile+https%3A%2F%2Fwww.googleapis.com%2Fauth%2Fuserinfo.email+openid&authuser=0&prompt=consent [36m302[0m 608.073 ms - 46[0m
[0mGET / [32m200[0m 40.918 ms - 3928[0m
[0mPOST /posts/create [32m200[0m 42.077 ms - 269[0m
[0mPOST /comments/create [32m200[0m 62.541 ms - 477[0m
[0mGET /users/sign-out [36m302[0m 15.595 ms - 46[0m
[0mGET / [32m200[0m 39.867 ms - 4434[0m
[0mGET / [32m200[0m 64.130 ms - 4208[0m
[0mGET /favicon.ico [33m404[0m 10.678 ms - 150[0m
[0mGET /users/sign-in [36m304[0m 12.998 ms - -[0m
[0mPOST /users/create-session [36m302[0m 19.787 ms - 46[0m
[0mGET / [32m200[0m 44.363 ms - 6063[0m
[0mGET / [32m200[0m 28.094 ms - 4208[0m
[0mGET / [32m200[0m 33.124 ms - 4208[0m
[0mGET /favicon.ico [33m404[0m 4.799 ms - 150[0m
[0mGET /users/sign-in [32m200[0m 8.916 ms - 2050[0m
[0mGET /users/auth/google [36m302[0m 10.326 ms - 0[0m
[0mGET /users/auth/google/callback?code=4/0AbUR2VP4uZ0vhHQG-mJEv5bjFaRdWcbBxV4SOfDGbr1xr_TEe_dJtTtVp4EKP5SEE70Fgw&scope=email%20profile%20https://www.googleapis.com/auth/userinfo.profile%20https://www.googleapis.com/auth/userinfo.email%20openid&authuser=0&hd=iitism.ac.in&prompt=consent [36m302[0m 1850.967 ms - 46[0m
[0mGET / [32m200[0m 33.251 ms - 6189[0m
[0mGET /users/sign-out [36m302[0m 7.209 ms - 46[0m
[0mGET / [32m200[0m 28.339 ms - 4539[0m
[0mGET /users/sign-out [36m302[0m 7.035 ms - 46[0m
[0mGET / [32m200[0m 26.123 ms - 4539[0m
[0mGET /users/profile/647846c730fd50448fe27f93 [36m302[0m 4.378 ms - 72[0m
[0mGET /users/sign-in [36m304[0m 6.696 ms - -[0m
[0mGET /users/sign-in [36m304[0m 6.619 ms - -[0m
[0mPOST /users/create-session [36m302[0m 7.028 ms - 46[0m
[0mGET / [32m200[0m 30.871 ms - 6168[0m
[0mGET /users/profile/647830f41c43fdc8ac148674 [32m200[0m 15.013 ms - 2272[0m
[0mGET /users/profile/647830f41c43fdc8ac148674 [36m304[0m 43.536 ms - -[0m
[0mGET /users/profile/647830f41c43fdc8ac148674 [36m304[0m 26.439 ms - -[0m
[0mGET /users/profile/647830f41c43fdc8ac148674 [36m304[0m 23.849 ms - -[0m
[0mGET /users/sign-out [36m302[0m 20.790 ms - 46[0m
[0mGET / [32m200[0m 53.122 ms - 4539[0m
[0mGET /users/sign-up [32m200[0m 7.847 ms - 2208[0m
[0mGET /users/sign-in [36m304[0m 9.456 ms - -[0m
[0mPOST /users/create-session [36m302[0m 12.463 ms - 46[0m
[0mGET / [32m200[0m 44.017 ms - 6168[0m
[0mGET /users/profile/647830f41c43fdc8ac148674 [36m304[0m 19.833 ms - -[0m
[0mGET / [32m200[0m 114.215 ms - 5940[0m
[0mGET /users/profile/647830f41c43fdc8ac148674 [36m304[0m 21.820 ms - -[0m
[0mGET / [36m304[0m 47.515 ms - -[0m
[0mPOST /likes/toggle/?id=647832daa63ee8a3c8b3e331&type=Post [32m200[0m 26.280 ms - 58[0m
[0mGET /users/sign-out [36m302[0m 10.030 ms - 46[0m
[0mGET / [32m200[0m 17.605 ms - 4539[0m
[0mGET /users/sign-in [36m304[0m 10.722 ms - -[0m
[0mPOST /users/create-session [36m302[0m 13.811 ms - 46[0m
[0mGET / [32m200[0m 42.346 ms - 6168[0m
[0mPOST /likes/toggle/?id=647832dda63ee8a3c8b3e336&type=Comment [32m200[0m 17.217 ms - 58[0m
[0mPOST /likes/toggle/?id=647832dda63ee8a3c8b3e336&type=Comment [32m200[0m 18.696 ms - 57[0m
[0mPOST /likes/toggle/?id=647832dda63ee8a3c8b3e336&type=Comment [32m200[0m 16.911 ms - 58[0m
[0mGET /users/sign-out [36m302[0m 9.698 ms - 46[0m
[0mGET / [32m200[0m 34.395 ms - 4539[0m
[0mGET /users/sign-in [36m304[0m 5.172 ms - -[0m
[0mPOST /users/create-session [36m302[0m 7.518 ms - 46[0m
[0mGET / [32m200[0m 37.271 ms - 6168[0m
[0mPOST /posts/create [32m200[0m 17.456 ms - 283[0m
[0mPOST /likes/toggle/?id=64784bc4141a86df920ba580&type=Post [32m200[0m 14.268 ms - 58[0m
[0mPOST /comments/create [32m200[0m 38.485 ms - 458[0m
[0mPOST /likes/toggle/?id=64784be6141a86df920ba58c&type=Comment [32m200[0m 18.487 ms - 58[0m
[0mPOST /likes/toggle/?id=64784bc4141a86df920ba580&type=Post [32m200[0m 16.190 ms - 57[0m
[0mPOST /likes/toggle/?id=64784bc4141a86df920ba580&type=Post [32m200[0m 18.151 ms - 58[0m
[0mGET /users/sign-out [36m302[0m 7.796 ms - 46[0m
[0mGET / [32m200[0m 33.332 ms - 5864[0m
[0mGET /users/sign-in [36m304[0m 6.950 ms - -[0m
[0mGET /users/auth/google [36m302[0m 7.690 ms - 0[0m
[0mGET /users/auth/google/callback?code=4%2F0AbUR2VPlUQUfl1w3-DNC3JcN4MNFQ4hSrgpDiCgVTfe_rCUo9m0OqCdk5SwSjJ49yQm5Cg&scope=email+profile+https%3A%2F%2Fwww.googleapis.com%2Fauth%2Fuserinfo.profile+https%3A%2F%2Fwww.googleapis.com%2Fauth%2Fuserinfo.email+openid&authuser=0&prompt=consent [36m302[0m 565.217 ms - 46[0m
[0mGET / [32m200[0m 46.093 ms - 8513[0m
[0mPOST /comments/create [32m200[0m 28.139 ms - 497[0m
[0mGET /posts/destroy/647832daa63ee8a3c8b3e331 [32m200[0m 17.129 ms - 72[0m
[0mGET /users/sign-out [36m302[0m 7.568 ms - 46[0m
[0mGET / [32m200[0m 30.666 ms - 5192[0m
[0mGET /users/profile/647846c730fd50448fe27f93 [36m302[0m 4.115 ms - 72[0m
[0mGET /users/sign-in [36m304[0m 7.618 ms - -[0m
[0mGET /users/auth/google [36m302[0m 4.755 ms - 0[0m
[0mGET /users/auth/google/callback?code=4/0AbUR2VNEohlbHtg1YaapMPOr1gYJzLPfo4jZPC3zQ3eKjUgfB-Of1viiyo0wo7-vVjcoSg&scope=email%20profile%20https://www.googleapis.com/auth/userinfo.email%20https://www.googleapis.com/auth/userinfo.profile%20openid&authuser=1&hd=iitism.ac.in&prompt=none [36m302[0m 573.604 ms - 46[0m
[0mGET / [32m200[0m 37.065 ms - 7006[0m
[0mPOST /comments/create [32m200[0m 23.587 ms - 500[0m
[0mPOST /likes/toggle/?id=64784c48141a86df920ba5d4&type=Comment [32m200[0m 16.220 ms - 58[0m
[0mPOST /likes/toggle/?id=64784be6141a86df920ba58c&type=Comment [32m200[0m 16.022 ms - 58[0m
[0mPOST /likes/toggle/?id=64784c19141a86df920ba5b8&type=Comment [32m200[0m 17.604 ms - 58[0m
[0mPOST /likes/toggle/?id=64784bc4141a86df920ba580&type=Post [32m200[0m 16.333 ms - 58[0m
[0mGET /users/sign-out [36m302[0m 7.050 ms - 46[0m
[0mGET / [32m200[0m 37.063 ms - 5795[0m
[0mGET /users/sign-in [36m304[0m 12.126 ms - -[0m
[0mGET /users/auth/google [36m302[0m 5.217 ms - 0[0m
[0mGET /users/auth/google/callback?code=4%2F0AbUR2VMQlz1XEy-HOBl4uKlwJAcvTmAaelolijqFtU44Bu3cm4b8t1vm6ICgJ3JdwIOrDQ&scope=email+profile+https%3A%2F%2Fwww.googleapis.com%2Fauth%2Fuserinfo.profile+https%3A%2F%2Fwww.googleapis.com%2Fauth%2Fuserinfo.email+openid&authuser=0&prompt=consent [36m302[0m 542.925 ms - 46[0m
[0mGET / [32m200[0m 37.803 ms - 7764[0m
[0mGET /users/sign-out [36m302[0m 6.850 ms - 46[0m
[0mGET / [32m200[0m 45.894 ms - 5795[0m
[0mGET /users/sign-in [36m304[0m 7.620 ms - -[0m
[0mPOST /users/create-session [36m302[0m 16.106 ms - 46[0m
[0mGET / [32m200[0m 51.892 ms - 7894[0m
[0mPOST /comments/create [32m200[0m 22.019 ms - 438[0m
[0mGET /users/sign-out [36m302[0m 7.650 ms - 46[0m
[0mGET / [32m200[0m 33.492 ms - 6394[0m
[0mGET /users/sign-in [36m304[0m 6.718 ms - -[0m
[0mPOST /users/create-session [36m302[0m 8.680 ms - 46[0m
[0mGET / [32m200[0m 34.025 ms - 8657[0m
[0mGET /users/sign-out [36m302[0m 6.473 ms - 46[0m
[0mGET / [32m200[0m 31.825 ms - 6394[0m
[0mGET /users/profile/647832d1a63ee8a3c8b3e32b [36m302[0m 4.099 ms - 72[0m
[0mGET /users/sign-in [36m304[0m 7.712 ms - -[0m
[0mGET / [32m200[0m 33.545 ms - 6168[0m
[0mGET /users/profile [33m404[0m 5.143 ms - 152[0m
[0mGET / [36m304[0m 32.278 ms - -[0m
[0mGET /users/sign-in [36m304[0m 7.540 ms - -[0m
[0mGET /users/auth/google [36m302[0m 5.457 ms - 0[0m
[0mGET /users/auth/google/callback?code=4%2F0AbUR2VPMM6_ShR7vibumSZ9JBQ5h6-uAksbFN-O3C7nyo5wcpnqLVaEP02M8E2a5BpwgrA&scope=email+profile+https%3A%2F%2Fwww.googleapis.com%2Fauth%2Fuserinfo.profile+https%3A%2F%2Fwww.googleapis.com%2Fauth%2Fuserinfo.email+openid&authuser=0&prompt=consent [36m302[0m 839.165 ms - 46[0m
[0mGET / [32m200[0m 35.534 ms - 8527[0m
[0mGET /users/profile [33m404[0m 10.106 ms - 152[0m
[0mGET /users/sign-out [36m302[0m 8.588 ms - 46[0m
[0mGET / [32m200[0m 33.869 ms - 6394[0m
[0mGET /users/sign-in [36m304[0m 5.379 ms - -[0m
[0mGET /users/auth/google [36m302[0m 4.229 ms - 0[0m
[0mGET /users/auth/google/callback?code=4%2F0AbUR2VNji8fb7wnmwybz6mrXJsaXTVtBGf4icyJ0kqYehj4Mutqyjh_I6LIqdENnAkQ8bQ&scope=email+profile+https%3A%2F%2Fwww.googleapis.com%2Fauth%2Fuserinfo.profile+https%3A%2F%2Fwww.googleapis.com%2Fauth%2Fuserinfo.email+openid&authuser=0&prompt=consent [36m302[0m 575.098 ms - 46[0m
[0mGET / [32m200[0m 23.444 ms - 8527[0m
[0mGET /users/profile/647832d1a63ee8a3c8b3e32b [32m200[0m 12.087 ms - 2296[0m
[0mGET / [32m200[0m 132.315 ms - 8299[0m
[0mGET /users/profile/647832d1a63ee8a3c8b3e32b [36m304[0m 26.750 ms - -[0m
[0mGET / [32m200[0m 41.296 ms - 6168[0m
[0mGET /users/sign-in [36m304[0m 6.012 ms - -[0m
[0mGET /users/auth/google [36m302[0m 6.602 ms - 0[0m
[0mGET /users/auth/google/callback?code=4%2F0AbUR2VNj_J1DDS21-ejOWnZl1g306FwOfMQqZiAvbOTPAJ3MW7sYmRcf8PAvr87a6Yxuzg&scope=email+profile+https%3A%2F%2Fwww.googleapis.com%2Fauth%2Fuserinfo.profile+https%3A%2F%2Fwww.googleapis.com%2Fauth%2Fuserinfo.email+openid&authuser=0&prompt=consent [36m302[0m 639.891 ms - 46[0m
[0mGET / [32m200[0m 31.960 ms - 8527[0m
[0mGET /users/profile/647832d1a63ee8a3c8b3e32b [36m304[0m 13.693 ms - -[0m
[0mPOST /users/update/647832d1a63ee8a3c8b3e32b [36m302[0m 31.984 ms - 164[0m
[0mGET /users/profile/647832d1a63ee8a3c8b3e32b [32m200[0m 13.785 ms - 2339[0m
[0mGET /users/sign-out [36m302[0m 15.369 ms - 46[0m
[0mGET / [32m200[0m 32.979 ms - 6394[0m
[0mGET /users/profile/647832d1a63ee8a3c8b3e32b [36m302[0m 2.953 ms - 72[0m
[0mGET /users/sign-in [36m304[0m 3.755 ms - -[0m
[0mGET /users/auth/google [36m302[0m 5.120 ms - 0[0m
[0mGET /users/auth/google/callback?code=4%2F0AbUR2VO2RFVADZ_G2yMgyW7oHLK4k8-s8aYExqOOjZLFGIcCzRsQYKFDaeRO5vPVUJisMg&scope=email+profile+https%3A%2F%2Fwww.googleapis.com%2Fauth%2Fuserinfo.profile+https%3A%2F%2Fwww.googleapis.com%2Fauth%2Fuserinfo.email+openid&authuser=0&prompt=consent [36m302[0m 543.935 ms - 46[0m
[0mGET / [32m200[0m 49.849 ms - 8527[0m
[0mGET /users/profile/647832d1a63ee8a3c8b3e32b [32m200[0m 10.623 ms - 2339[0m
[0mGET /users/sign-out [36m302[0m 4.988 ms - 46[0m
[0mGET / [32m200[0m 20.334 ms - 6394[0m
[0mGET /users/profile/647846c730fd50448fe27f93 [36m302[0m 2.926 ms - 72[0m
[0mGET /users/sign-in [36m304[0m 5.789 ms - -[0m
[0mGET /users/auth/google [36m302[0m 4.017 ms - 0[0m
[0mGET /users/auth/google/callback?code=4/0AbUR2VNUJRqFTm2J5vw9yNj6P0dLcvFYVzydHPP0oCfWybdD6bhBLgyISjLhqu7mlOk1hg&scope=email%20profile%20https://www.googleapis.com/auth/userinfo.profile%20openid%20https://www.googleapis.com/auth/userinfo.email&authuser=1&hd=iitism.ac.in&prompt=none [36m302[0m 538.503 ms - 46[0m
[0mGET / [32m200[0m 35.182 ms - 8536[0m
[0mGET /users/profile/647846c730fd50448fe27f93 [32m200[0m 9.733 ms - 2321[0m
[0mPOST /users/update/647846c730fd50448fe27f93 [36m302[0m 46.838 ms - 164[0m
[0mGET /users/profile/647846c730fd50448fe27f93 [32m200[0m 13.887 ms - 2364[0m
[0mGET /users/sign-out [36m302[0m 5.008 ms - 46[0m
[0mGET / [32m200[0m 27.993 ms - 6394[0m
[0mGET /users/profile/647832d1a63ee8a3c8b3e32b [36m302[0m 3.309 ms - 72[0m
[0mGET /users/sign-in [36m304[0m 3.770 ms - -[0m
[0mGET /users/auth/google [36m302[0m 4.729 ms - 0[0m
[0mGET /users/auth/google/callback?code=4%2F0AbUR2VNsujozCSweBp6Fi9wN9QODDYzLjbEirwWl1gMARqbbSt-Wga44Q3WQzLiEkjnOeQ&scope=email+profile+https%3A%2F%2Fwww.googleapis.com%2Fauth%2Fuserinfo.profile+https%3A%2F%2Fwww.googleapis.com%2Fauth%2Fuserinfo.email+openid&authuser=0&prompt=consent [36m302[0m 564.727 ms - 46[0m
[0mGET / [32m200[0m 42.556 ms - 8527[0m
[0mGET /users/profile/647846c730fd50448fe27f93 [32m200[0m 13.343 ms - 1961[0m
[0mGET /users/profile/647832d1a63ee8a3c8b3e32b [32m200[0m 7.924 ms - 2339[0m
[0mGET /users/profile/647846c730fd50448fe27f93 [36m304[0m 7.637 ms - -[0m
[0mGET /users/sign-out [36m302[0m 11.063 ms - 46[0m
[0mGET / [32m200[0m 20.811 ms - 6394[0m
[0mGET /users/profile/647832d1a63ee8a3c8b3e32b [36m302[0m 2.275 ms - 72[0m
[0mGET /users/sign-in [36m304[0m 4.206 ms - -[0m
[0mGET /users/auth/google [36m302[0m 3.109 ms - 0[0m
[0mGET /users/auth/google/callback?code=4/0AbUR2VN5q5Pv_aYxVQcAs1J_7UB2GB3TK-5754bKTmTb50pjdHgpQi6RMUHMtXCIt96aWg&scope=email%20profile%20https://www.googleapis.com/auth/userinfo.email%20openid%20https://www.googleapis.com/auth/userinfo.profile&authuser=1&hd=iitism.ac.in&prompt=none [36m302[0m 525.846 ms - 46[0m
[0mGET / [32m200[0m 30.512 ms - 8536[0m
[0mGET /users/profile/647846c730fd50448fe27f93 [32m200[0m 14.774 ms - 2364[0m
[0mGET /users/sign-out [36m302[0m 5.044 ms - 46[0m
[0mGET / [32m200[0m 17.025 ms - 6394[0m
[0mGET /users/profile/647846c730fd50448fe27f93 [36m302[0m 2.631 ms - 72[0m
[0mGET /users/sign-in [36m304[0m 4.800 ms - -[0m
[0mGET /users/auth/google [36m302[0m 6.757 ms - 0[0m
[0mGET /users/auth/google/callback?code=4/0AbUR2VOSF-d_aP9qbFfsYYG3k1OnuLK4NNFniiwM0i0aeviJeggeiQx0tqVBV8CWMc0nFg&scope=email%20profile%20https://www.googleapis.com/auth/userinfo.profile%20openid%20https://www.googleapis.com/auth/userinfo.email&authuser=1&hd=iitism.ac.in&prompt=none [36m302[0m 559.777 ms - 46[0m
[0mGET / [32m200[0m 37.505 ms - 8536[0m
[0mGET /users/sign-out [36m302[0m 3.540 ms - 46[0m
[0mGET / [32m200[0m 24.538 ms - 6394[0m
[0mGET /users/profile/647832d1a63ee8a3c8b3e32b [36m302[0m 2.172 ms - 72[0m
[0mGET /users/sign-in [36m304[0m 4.033 ms - -[0m
[0mGET /users/auth/google [36m302[0m 3.717 ms - 0[0m
[0mGET /users/auth/google/callback?code=4/0AbUR2VOYqLSROg9u7LD84_5HtsWrbCglDr02cCV2A5C5WB3zATLgBonaPUCrsaBXHLvavg&scope=email%20profile%20https://www.googleapis.com/auth/userinfo.profile%20openid%20https://www.googleapis.com/auth/userinfo.email&authuser=1&hd=iitism.ac.in&prompt=none [36m302[0m 507.355 ms - 46[0m
[0mGET / [32m200[0m 16.085 ms - 8536[0m
[0mGET /users/profile/647846c730fd50448fe27f93 [32m200[0m 6.531 ms - 2364[0m
[0mGET / [32m200[0m 23.664 ms - 8308[0m
[0mGET /users/profile/647832d1a63ee8a3c8b3e32b [32m200[0m 6.863 ms - 1968[0m
[0mGET / [36m304[0m 16.170 ms - -[0m
[0mGET /users/sign-out [36m302[0m 5.245 ms - 46[0m
[0mGET / [32m200[0m 14.719 ms - 6394[0m
[0mGET / [32m200[0m 59.699 ms - 6168[0m
[0mGET /users/sign-in [32m200[0m 5.894 ms - 2050[0m
[0mGET /users/auth/google [36m302[0m 6.911 ms - 0[0m
[0mGET /users/auth/google/callback?code=4%2F0AbUR2VNiGcE700YNzHiOTZxUmiDvfi-pjtUvW0fc7TMFSafInSY6dt2onhCqBU-N--cebQ&scope=email+profile+https%3A%2F%2Fwww.googleapis.com%2Fauth%2Fuserinfo.profile+https%3A%2F%2Fwww.googleapis.com%2Fauth%2Fuserinfo.email+openid&authuser=0&prompt=consent [36m302[0m 548.778 ms - 46[0m
[0mGET / [32m200[0m 34.531 ms - 8527[0m
[0mGET / [32m200[0m 122.626 ms - 6168[0m
[0mGET /favicon.ico [33m404[0m 7.715 ms - 150[0m
[0mGET /users/sign-in [32m200[0m 6.029 ms - 2050[0m
[0mGET /users/auth/google [36m302[0m 4.590 ms - 0[0m
[0mGET / [32m200[0m 22.024 ms - 6168[0m
[0mGET /users/auth/google/callback?code=4%2F0AfJohXnf9tJX-1RfWzfNRy17duYvODi7q1xNkezvIm5HZmCe-c70nEWfU146oLby0C0avQ&scope=email+profile+https%3A%2F%2Fwww.googleapis.com%2Fauth%2Fuserinfo.email+https%3A%2F%2Fwww.googleapis.com%2Fauth%2Fuserinfo.profile+openid&authuser=0&hd=iitism.ac.in&prompt=none [36m302[0m 7960.216 ms - 46[0m
[0mGET / [32m200[0m 30.649 ms - 8536[0m
[0mGET /favicon.ico [33m404[0m 2.222 ms - 150[0m
[0mGET /users/sign-in [32m200[0m 4.885 ms - 2050[0m
[0mGET /users/auth/google [36m302[0m 3.500 ms - 0[0m
[0mGET /users/auth/google/callback?code=4%2F0AfJohXmNtP39bGZWr8a6tD_w9pIE1_jMwzsyRkaLJGfCDZ4mBak0YYmfAHho5UlKrlxw3Q&scope=email+profile+https%3A%2F%2Fwww.googleapis.com%2Fauth%2Fuserinfo.profile+https%3A%2F%2Fwww.googleapis.com%2Fauth%2Fuserinfo.email+openid&authuser=0&prompt=none [36m302[0m 6547.634 ms - 46[0m
[0mGET / [32m200[0m 15.806 ms - 8527[0m
[0mPOST /posts/create [32m200[0m 35.989 ms - 277[0m
[0mGET / [32m200[0m 25.889 ms - 9710[0m
[0mPOST /comments/create [32m200[0m 21.381 ms - 557[0m
[0mPOST /likes/toggle/?id=651b093ef07f6b45be9efa09&type=Comment [32m200[0m 7.783 ms - 58[0m
[0mGET /posts/destroy/651b091ff07f6b45be9ef9fd [32m200[0m 13.192 ms - 72[0m
[0mGET / [32m200[0m 20.701 ms - 8299[0m
[0mPOST /comments/create [32m200[0m 15.939 ms - 538[0m
[0mGET /comments/destroy/651b096df07f6b45be9efa25 [32m200[0m 7.700 ms - 75[0m
[0mGET /users/sign-out [36m302[0m 6.028 ms - 46[0m
[0mGET / [32m200[0m 18.423 ms - 6394[0m
[0mGET / [32m200[0m 158.187 ms - 6168[0m
[0mGET /favicon.ico [33m404[0m 5.132 ms - 150[0m
[0mGET / [32m200[0m 309.537 ms - 2739[0m
[0mGET /users/sign-in [32m200[0m 78.197 ms - 2050[0m
[0mGET /users/auth/google [36m302[0m 650.557 ms - 0[0m
[0mGET /users/auth/google/callback?code=4%2F0AfJohXmYxwknHTN8VeMz7ZdRX-zSRkoizdiK-6vf0kp-wXFjw_fmQimhja1iRCqKuyUD1w&scope=email+profile+https%3A%2F%2Fwww.googleapis.com%2Fauth%2Fuserinfo.email+https%3A%2F%2Fwww.googleapis.com%2Fauth%2Fuserinfo.profile+openid&authuser=0&prompt=none [36m302[0m 3003.975 ms - 46[0m
[0mGET / [32m200[0m 397.274 ms - 3837[0m
[0mPOST /posts/create [32m200[0m 266.800 ms - 269[0m
[0mGET / [32m200[0m 267.335 ms - 3528[0m
[0mGET /favicon.ico [33m404[0m 99.607 ms - 150[0m
[0mGET /users/sign-in [32m200[0m 131.454 ms - 2050[0m
[0mGET /users/auth/google [36m302[0m 885.856 ms - 0[0m
[0mGET /users/auth/google/callback?code=4%2F0AfJohXlQbVkl1xbhOveJTORT5WJGxckgRkDAmCS6oDvp2DMTlJpgCwjdMbkZoj5qV_snRQ&scope=email+profile+https%3A%2F%2Fwww.googleapis.com%2Fauth%2Fuserinfo.email+https%3A%2F%2Fwww.googleapis.com%2Fauth%2Fuserinfo.profile+openid&authuser=0&hd=iitism.ac.in&prompt=none [36m302[0m 1326.157 ms - 46[0m
[0mGET / [32m200[0m 487.112 ms - 5329[0m
[0mPOST /comments/create [32m200[0m 576.097 ms - 491[0m
[0mPOST /likes/toggle/?id=651b1c83b0804b39411d0382&type=Post [32m200[0m 439.385 ms - 58[0m
[0mGET / [32m200[0m 716.249 ms - 6008[0m
[0mPOST /likes/toggle/?id=651b1ca6b0804b39411d0391&type=Comment [32m200[0m 879.615 ms - 58[0m
[0mPOST /posts/create [32m200[0m 373.961 ms - 385[0m
[0mGET /users/sign-out [36m302[0m 211.243 ms - 46[0m
[0mGET / [32m200[0m 511.817 ms - 5261[0m
[0mGET / [32m200[0m 624.015 ms - 7518[0m
[0mPOST /comments/create [32m200[0m 569.870 ms - 481[0m
[0mPOST /likes/toggle/?id=651b1cf3b0804b39411d03ac&type=Post [32m200[0m 584.711 ms - 58[0m
[0mGET /users/sign-out [36m302[0m 188.857 ms - 46[0m
[0mGET / [32m200[0m 448.467 ms - 5854[0m
[0mGET / [32m200[0m 677.625 ms - 5630[0m
[0mGET / [32m200[0m 603.412 ms - 5521[0m
[0mGET / [36m304[0m 403.822 ms - -[0m
[0mGET /users/profile [33m404[0m 60.409 ms - 152[0m
[0mGET /users/sign-in [32m200[0m 84.336 ms - 1943[0m
[0mGET /users/auth/google [36m302[0m 214.735 ms - 0[0m
[0mGET /users/auth/google/callback?code=4%2F0AfJohXkPiSHHX7mK29gBRe3AM4TR1qxi1EgzpAKLRLf17ji6jZDjd-v8ojImdHp-rwyn5Q&scope=email+profile+https%3A%2F%2Fwww.googleapis.com%2Fauth%2Fuserinfo.profile+openid+https%3A%2F%2Fwww.googleapis.com%2Fauth%2Fuserinfo.email&authuser=0&prompt=none [36m302[0m 1342.962 ms - 46[0m
[0mGET / [32m200[0m 1009.181 ms - 8396[0m
[0mGET /users/profile [33m404[0m 692.576 ms - 152[0m
[0mGET /users/profile/651b1c78b0804b39411d037c [32m200[0m 181.635 ms - 2188[0m
[0mGET / [32m200[0m 597.938 ms - 8091[0m
[0mGET /users/sign-out [36m302[0m 212.120 ms - 46[0m
[0mGET / [32m200[0m 476.072 ms - 5670[0m
[0mGET / [32m200[0m 530.507 ms - 7547[0m
[0mGET /favicon.ico [33m404[0m 142.264 ms - 150[0m
[0mGET /users/sign-in [32m200[0m 219.463 ms - 1866[0m
[0mGET /users/auth/google [36m302[0m 786.640 ms - 0[0m
[0mGET /users/auth/google/callback?code=4%2F0AfJohXkwz55jVcc2c_aJoYSssyqdNVpzSo2AjVmy-ch84hNBonwfdma8EQQLe0X39ArzBw&scope=email+profile+https%3A%2F%2Fwww.googleapis.com%2Fauth%2Fuserinfo.profile+https%3A%2F%2Fwww.googleapis.com%2Fauth%2Fuserinfo.email+openid&authuser=0&prompt=consent [36m302[0m 1556.936 ms - 46[0m
[0mGET / [32m200[0m 1106.374 ms - 12132[0m
[0mGET / [32m200[0m 443.611 ms - 7547[0m
[0mGET /favicon.ico [33m404[0m 182.433 ms - 150[0m
[0mGET /users/sign-in [32m200[0m 102.313 ms - 1866[0m
[0mGET /users/auth/google [36m302[0m 176.375 ms - 0[0m
[0mGET /users/auth/google/callback?code=4%2F0AfJohXloU5fiXfA8yLz-tY_wi5TfSAg3VL1P6pEu78yfP50FjTwJlwNKzzxChPcqMSvP9g&scope=email+profile+https%3A%2F%2Fwww.googleapis.com%2Fauth%2Fuserinfo.profile+https%3A%2F%2Fwww.googleapis.com%2Fauth%2Fuserinfo.email+openid&authuser=0&hd=iitism.ac.in&prompt=consent [36m302[0m 1950.238 ms - 46[0m
[0mGET / [32m200[0m 610.007 ms - 11991[0m
[0mGET /users/sign-out [36m302[0m 345.027 ms - 46[0m
[0mGET / [32m200[0m 1055.140 ms - 11904[0m
[0mGET /users/sign-out [36m302[0m 35.925 ms - 46[0m
[0mGET / [32m200[0m 922.603 ms - 7773[0m
[0mPOST /likes/toggle/?id=651bd8d9c0a3ba920300ceb2&type=Comment [32m200[0m 612.799 ms - 58[0m
[0mPOST /posts/create [32m200[0m 722.560 ms - 276[0m
[0mGET /users/sign-out [36m302[0m 388.248 ms - 46[0m
[0mGET / [32m200[0m 1043.599 ms - 8472[0m
[0mGET /users/sign-in [36m304[0m 100.769 ms - -[0m
[0mGET /users/auth/google [36m302[0m 177.728 ms - 0[0m
[0mGET /users/auth/google/callback?code=4%2F0AfJohXmCcp7JfogNjc8EIxJGSuogOtDgRqDC2FU0Kjt0wT6oGMG5P60wDfDAYlHDb_QkgQ&scope=email+profile+https%3A%2F%2Fwww.googleapis.com%2Fauth%2Fuserinfo.profile+https%3A%2F%2Fwww.googleapis.com%2Fauth%2Fuserinfo.email+openid&authuser=0&prompt=none [36m302[0m 1657.812 ms - 46[0m
[0mGET / [32m200[0m 919.939 ms - 13533[0m
[0mPOST /comments/create [32m200[0m 1280.490 ms - 481[0m
[0mPOST /likes/toggle/?id=6537567e008c9e988ed9d8e6&type=Comment [32m200[0m 498.457 ms - 58[0m
[0mGET /users/sign-out [36m302[0m 392.650 ms - 46[0m
[0mGET / [32m200[0m 738.861 ms - 9065[0m
[0mGET /users/sign-up [32m200[0m 107.569 ms - 2024[0m
[0mPOST /users/create [36m302[0m 504.426 ms - 72[0m
[0mGET /users/sign-in [36m304[0m 96.737 ms - -[0m
[0mPOST /users/create-session [36m302[0m 246.580 ms - 46[0m
[0mGET / [32m200[0m 933.177 ms - 14085[0m
[0mGET /users/profile/651bd8bec0a3ba920300cea6 [32m200[0m 1140.743 ms - 1704[0m
[0mGET /users/profile/653756bd008c9e988ed9d8fb [32m200[0m 1159.466 ms - 2087[0m
[0mPOST /users/update/653756bd008c9e988ed9d8fb [36m302[0m 426.016 ms - 164[0m
[0mGET /users/profile/653756bd008c9e988ed9d8fb [32m200[0m 383.743 ms - 2130[0m
[0mGET /users/profile [33m404[0m 198.290 ms - 152[0m
[0mPOST /likes/toggle/?id=651b1d20b0804b39411d03bf&type=Comment [32m200[0m 677.361 ms - 58[0m
[0mGET /users/sign-out [36m302[0m 419.159 ms - 46[0m
[0mGET / [32m200[0m 830.777 ms - 9156[0m
[0mGET / [32m200[0m 770.693 ms - 8930[0m
[0mGET /users/profile/653756bd008c9e988ed9d8fb [36m302[0m 187.560 ms - 72[0m
[0mGET /users/sign-in [36m304[0m 118.090 ms - -[0m
[0mPOST /users/create-session [36m302[0m 204.812 ms - 72[0m
[0mGET /users/sign-in [32m200[0m 178.712 ms - 2095[0m
[0mGET /users/auth/google [36m302[0m 221.932 ms - 0[0m
[0mGET /users/auth/google/callback?code=4%2F0AfJohXlmzwjonQTY3I6R2IVDIfYbi1PgiLCMO7GW9DYFjnyzyOKxX7O8ylrtdrCUdKwu6A&scope=email+profile+https%3A%2F%2Fwww.googleapis.com%2Fauth%2Fuserinfo.profile+https%3A%2F%2Fwww.googleapis.com%2Fauth%2Fuserinfo.email+openid&authuser=0&hd=iitism.ac.in&prompt=none [36m302[0m 2975.278 ms - 46[0m
[0mGET / [32m200[0m 1021.543 ms - 14382[0m
[0mGET /users/profile/653756bd008c9e988ed9d8fb [32m200[0m 782.425 ms - 1712[0m
[0mGET / [32m200[0m 1235.091 ms - 14154[0m
[0mGET /users/profile/651b1c78b0804b39411d037c [32m200[0m 778.495 ms - 1724[0m
[0mGET /users/profile/651b1c9bb0804b39411d0389 [32m200[0m 559.104 ms - 2112[0m
[0mGET /users/profile/651b1c78b0804b39411d037c [36m304[0m 451.105 ms - -[0m
[0mGET /users/profile/651b1c9bb0804b39411d0389 [36m304[0m 214.583 ms - -[0m
[0mGET /users/sign-in [36m304[0m 77.949 ms - -[0m
[0mGET /users/auth/google [36m302[0m 212.114 ms - 0[0m
[0mGET /users/auth/google/callback?code=4%2F0AfJohXlxA2vvYqEztg_lURpmL5XqNwdNdQot-Py0tsrUCKuJIlHq6ss4tFXhxGTjNaTkuA&scope=email+profile+https%3A%2F%2Fwww.googleapis.com%2Fauth%2Fuserinfo.profile+openid+https%3A%2F%2Fwww.googleapis.com%2Fauth%2Fuserinfo.email&authuser=0&prompt=none [36m302[0m 1070.464 ms - 46[0m
[0mGET / [32m200[0m 1187.648 ms - 8930[0m
[0mGET /users/sign-in [36m302[0m 310.203 ms - 72[0m
[0mGET /users/profile [33m404[0m 234.265 ms - 152[0m
[0mGET /users/sign-in [36m302[0m 435.133 ms - 72[0m
[0mGET /users/profile [33m404[0m 241.974 ms - 152[0m
[0mGET /users/profile [33m404[0m 287.343 ms - 152[0m
[0mGET / [32m200[0m 1322.519 ms - 14153[0m
[0mPOST /likes/toggle/?id=65375654008c9e988ed9d8d2&type=Post [32m200[0m 1478.723 ms - 58[0m
[0mGET /users/sign-out [36m302[0m 377.132 ms - 46[0m
[0mGET / [32m200[0m 1465.577 ms - 9156[0m
[0mGET /users/sign-in [32m200[0m 101.961 ms - 1866[0m
[0mGET /users/auth/google [36m302[0m 116.412 ms - 0[0m
[0mGET /users/auth/google/callback?code=4%2F0AfJohXknHg1EoN-tWqQ9PH4WdlSNQQjTfMhmENdf14MosCJR25NATJS_0hQBYS6iQdQHSA&scope=email+profile+https%3A%2F%2Fwww.googleapis.com%2Fauth%2Fuserinfo.profile+openid+https%3A%2F%2Fwww.googleapis.com%2Fauth%2Fuserinfo.email&authuser=0&hd=iitism.ac.in&prompt=none [36m302[0m 1425.090 ms - 46[0m
[0mGET / [32m200[0m 1134.461 ms - 14382[0m
[0mGET / [32m200[0m 3942.704 ms - 14154[0m
[0mGET / [32m200[0m 3352.256 ms - 14153[0m
[0mGET /users/profile/653756bd008c9e988ed9d8fb [32m200[0m 1085.383 ms - 1712[0m
[0mGET /users/sign-out [36m302[0m 156.310 ms - 46[0m
[0mGET / [32m200[0m 963.841 ms - 9156[0m
[0mGET /users/profile/653756bd008c9e988ed9d8fb [36m302[0m 239.129 ms - 72[0m
[0mGET /users/sign-in [32m200[0m 199.499 ms - 1866[0m
[0mPOST /users/create-session [36m302[0m 485.738 ms - 46[0m
[0mGET / [32m200[0m 1846.560 ms - 14085[0m
[0mGET / [36m304[0m 1865.112 ms - -[0m
[0mGET / [36m304[0m 2091.185 ms - -[0m
[0mGET / [32m200[0m 1882.265 ms - 13857[0m
[0mPOST /comments/create [32m200[0m 970.893 ms - 490[0m
[0mPOST /likes/toggle/?id=65375c9f30e1cebe9b9d32f9&type=Comment [32m200[0m 1082.692 ms - 58[0m
[0mGET / [32m200[0m 892.076 ms - 14614[0m
[0mGET / [32m200[0m 3059.670 ms - 14911[0m
[0mGET /users/sign-out [36m302[0m 1301.003 ms - 46[0m
[0mGET / [32m200[0m 1530.248 ms - 9749[0m
[0mGET /users/sign-out [36m302[0m 331.596 ms - 46[0m
[0mGET / [32m200[0m 1832.790 ms - 9749[0m
[0mGET / [32m200[0m 494.483 ms - 9523[0m
[0mGET /favicon.ico [33m404[0m 256.516 ms - 150[0m
[0mGET /users/profile/651bd8bec0a3ba920300cea6 [36m302[0m 208.453 ms - 72[0m
[0mGET /users/sign-in [32m200[0m 191.713 ms - 1866[0m
[0mGET / [36m304[0m 2543.446 ms - -[0m
[0mGET / [32m200[0m 230.897 ms - 9523[0m
[0mGET /favicon.ico [33m404[0m 58.181 ms - 150[0m
[0mGET /users/sign-in [36m304[0m 267.705 ms - -[0m
[0mGET /users/auth/google [36m302[0m 292.556 ms - 0[0m
[0mGET /users/auth/google/callback?code=4%2F0AfJohXmal5-pxysZDJp6yD84I53HdOrZx56Ahg2XJBtimHtGY7ZHTQ9BwUgP_Q1xvxFeRA&scope=email+profile+https%3A%2F%2Fwww.googleapis.com%2Fauth%2Fuserinfo.profile+openid+https%3A%2F%2Fwww.googleapis.com%2Fauth%2Fuserinfo.email&authuser=0&hd=iitism.ac.in&prompt=none [36m302[0m 1596.125 ms - 46[0m
[0mGET / [32m200[0m 1081.201 ms - 15139[0m
[0mGET /users/sign-in [36m304[0m 33.265 ms - -[0m
[0mGET /users/auth/google [36m302[0m 149.011 ms - 0[0m
[0mGET /users/auth/google/callback?code=4%2F0AfJohXmTQ66Qjn-gsUoidEpvRO6v5CgGEOWf5ipib0TbacFXI_mJJ0AIheb_2EsDhhR0TQ&scope=email+profile+https%3A%2F%2Fwww.googleapis.com%2Fauth%2Fuserinfo.profile+openid+https%3A%2F%2Fwww.googleapis.com%2Fauth%2Fuserinfo.email&authuser=0&prompt=none [36m302[0m 1643.765 ms - 46[0m
[0mGET / [32m200[0m 2153.268 ms - 15138[0m
[0mGET / [32m200[0m 1284.870 ms - 14911[0m
[0mGET / [32m200[0m 855.630 ms - 14910[0m
[0mGET / [36m304[0m 840.438 ms - -[0m
[0mGET / [36m304[0m 843.544 ms - -[0m
[0mGET / [36m304[0m 467.874 ms - -[0m
[0mGET / [36m304[0m 599.749 ms - -[0m
[0mGET / [36m304[0m 609.783 ms - -[0m
[0mGET / [36m304[0m 535.645 ms - -[0m
[0mGET / [36m304[0m 597.425 ms - -[0m
[0mPOST /comments/create [32m200[0m 468.789 ms - 480[0m
[0mGET / [32m200[0m 773.972 ms - 15666[0m
[0mGET / [32m200[0m 1291.780 ms - 15667[0m
[0mGET / [36m304[0m 787.298 ms - -[0m
[0mGET / [36m304[0m 621.537 ms - -[0m
[0mGET / [36m304[0m 487.617 ms - -[0m
[0mGET / [36m304[0m 607.612 ms - -[0m
[0mGET / [36m304[0m 479.783 ms - -[0m
[0mGET / [32m200[0m 1516.234 ms - 15894[0m
[0mGET / [36m304[0m 399.511 ms - -[0m
[0mPOST /comments/create [32m200[0m 413.219 ms - 481[0m
[0mGET / [32m200[0m 478.542 ms - 16837[0m
[0mPOST /likes/toggle/?id=65378fac10c30a8d3b9121aa&type=Comment [32m200[0m 785.909 ms - 58[0m
[0mPOST /likes/toggle/?id=651b1d20b0804b39411d03bf&type=Comment [32m200[0m 501.427 ms - 58[0m
[0mGET /comments/destroy/65378fac10c30a8d3b9121aa [32m200[0m 304.301 ms - 75[0m
[0mGET /posts/destroy/65375654008c9e988ed9d8d2 [32m200[0m 486.615 ms - 72[0m
[0mGET /users/sign-out [36m302[0m 96.609 ms - 46[0m
[0mGET / [32m200[0m 452.142 ms - 13584[0m
[0mGET /users/sign-out [36m302[0m 33.309 ms - 46[0m
[0mGET / [32m200[0m 279.161 ms - 9089[0m
[0mGET /users/sign-in [36m304[0m 321.605 ms - -[0m
[0mGET /users/auth/google [36m302[0m 392.040 ms - 0[0m
[0mGET /users/auth/google/callback?code=4%2F0AfJohXmH2zhcUL99WKjm9z3UjZy1o1ycA0UxeOJ53HUNfqz0XcTmgbk9avjKBVnLrATK0w&scope=email+profile+openid+https%3A%2F%2Fwww.googleapis.com%2Fauth%2Fuserinfo.email+https%3A%2F%2Fwww.googleapis.com%2Fauth%2Fuserinfo.profile&authuser=0&hd=iitism.ac.in&prompt=none [36m302[0m 801.973 ms - 46[0m
[0mGET / [32m200[0m 907.741 ms - 13595[0m
[0mPOST /comments/create [32m200[0m 253.024 ms - 481[0m
[0mGET / [32m200[0m 238.575 ms - 14123[0m
[0mGET / [32m200[0m 217.553 ms - 14527[0m
[0mPOST /comments/create [32m200[0m 290.595 ms - 481[0m
[0mGET / [32m200[0m 237.645 ms - 15470[0m
[0mGET /comments/destroy/6537917bfbb38c0dc8960450 [32m200[0m 119.036 ms - 75[0m
[0mGET / [32m200[0m 402.132 ms - 14668[0m
[0mGET /users/sign-out [36m302[0m 58.061 ms - 46[0m
[0mGET / [32m200[0m 160.815 ms - 9691[0m
[0mGET /users/sign-out [36m302[0m 53.277 ms - 46[0m
[0mGET / [32m200[0m 158.699 ms - 9691[0m
[0mGET / [32m200[0m 356.577 ms - 9465[0m
[0mGET /users/sign-in [36m304[0m 37.664 ms - -[0m
[0mPOST /users/create-session [36m302[0m 70.346 ms - 46[0m
[0mGET / [36m304[0m 213.239 ms - -[0m
[0mGET /users/sign-in [36m302[0m 57.211 ms - 72[0m
[0mGET /users/profile [33m404[0m 73.356 ms - 152[0m
[0mGET / [32m200[0m 611.600 ms - 14195[0m
[0mPOST /comments/create [32m200[0m 291.515 ms - 499[0m
[0mPOST /likes/toggle/?id=6537928c0ef5504dffa060f9&type=Comment [32m200[0m 222.206 ms - 58[0m
[0mGET /users/sign-out [36m302[0m 60.174 ms - 46[0m
[0mGET / [32m200[0m 156.974 ms - 10297[0m
[0mGET /users/sign-in [32m200[0m 30.661 ms - 1866[0m
[0mGET /users/auth/google [36m302[0m 66.262 ms - 0[0m
[0mGET /users/auth/google/callback?code=4%2F0AfJohXka4caA_WBkeLzHhfTX5zYWy_wwlBC1RnlI8UpHRDk_h5mViBvoDsxs9zHX7SEkNA&scope=email+profile+https%3A%2F%2Fwww.googleapis.com%2Fauth%2Fuserinfo.profile+https%3A%2F%2Fwww.googleapis.com%2Fauth%2Fuserinfo.email+openid&authuser=0&prompt=none [36m302[0m 903.917 ms - 46[0m
[0mGET / [32m200[0m 203.401 ms - 15666[0m
[0mGET /users/sign-out [36m302[0m 62.446 ms - 46[0m
[0mGET / [32m200[0m 223.719 ms - 15438[0m
[0mGET /users/sign-out [36m302[0m 29.644 ms - 46[0m
[0mGET / [32m200[0m 162.115 ms - 10297[0m
[0mGET / [32m200[0m 170.338 ms - 10071[0m
[0mGET /users/sign-in [36m304[0m 29.403 ms - -[0m
[0mGET /users/auth/google [36m302[0m 80.563 ms - 0[0m
[0mGET /users/auth/google/callback?code=4%2F0AfJohXm_gaUwo1305ivZ9GOuE5Byt8IdzXxeF4UxqeRYE9frD89_VFf-lOEn7JkVIKR70A&scope=email+profile+https%3A%2F%2Fwww.googleapis.com%2Fauth%2Fuserinfo.profile+https%3A%2F%2Fwww.googleapis.com%2Fauth%2Fuserinfo.email+openid&authuser=0&prompt=none [36m302[0m 621.417 ms - 46[0m
[0mGET / [32m200[0m 479.326 ms - 15666[0m
[0mGET /comments/destroy/653789861c4576977378380f [32m200[0m 143.542 ms - 75[0m
[0mGET /users/sign-out [36m302[0m 54.420 ms - 46[0m
[0mGET / [32m200[0m 168.714 ms - 9695[0m
[0mGET / [32m200[0m 203.063 ms - 9469[0m
[0mGET / [36m304[0m 630.124 ms - -[0m
[0mGET / [36m304[0m 203.257 ms - -[0m
[0mGET / [36m304[0m 242.974 ms - -[0m
[0mGET / [36m304[0m 213.666 ms - -[0m
[0mGET / [36m304[0m 186.418 ms - -[0m
[0mGET / [36m304[0m 1074.938 ms - -[0m
[0mGET / [36m304[0m 838.722 ms - -[0m
[0mGET /users/sign-in [36m304[0m 182.532 ms - -[0m
[0mGET /users/auth/google [36m302[0m 500.044 ms - 0[0m
[0mGET /users/auth/google/callback?code=4%2F0AfJohXma7v35L3lhTrmgKBRj69MihNS2HmcsPfsy474lQQSvaZLUM4RG488Oluw8pjalCw&scope=email+profile+https%3A%2F%2Fwww.googleapis.com%2Fauth%2Fuserinfo.email+openid+https%3A%2F%2Fwww.googleapis.com%2Fauth%2Fuserinfo.profile&authuser=0&prompt=none [36m302[0m 2813.865 ms - 46[0m
[0mGET / [36m304[0m 1318.904 ms - -[0m
[0mGET / [32m200[0m 2587.254 ms - 14723[0m
[0mGET / [32m200[0m 1691.431 ms - 14495[0m
[0mGET /users/sign-out [36m302[0m 348.584 ms - 46[0m
[0mGET / [32m200[0m 2351.957 ms - 9695[0m
[0mGET /users/sign-up [32m200[0m 101.379 ms - 2024[0m
[0mPOST /users/create [36m302[0m 330.060 ms - 72[0m
[0mGET /users/sign-in [36m304[0m 81.086 ms - -[0m
[0mPOST /users/create-session [36m302[0m 103.860 ms - 46[0m
[0mGET / [32m200[0m 611.085 ms - 14344[0m
[0mGET / [32m200[0m 180.464 ms - 9561[0m
[0mGET /favicon.ico [33m404[0m 31.346 ms - 150[0m
[0mGET /users/sign-in [36m304[0m 32.487 ms - -[0m
[0mGET /users/auth/google [36m302[0m 609.770 ms - 0[0m
[0mGET /users/auth/google/callback?code=4%2F0AfJohXmWqJUst2h-s5B1usNPuFiogckQaf3vSXpHXc2HhPXkqU97KJzjK-5bcJtZEMLpVQ&scope=email+profile+openid+https%3A%2F%2Fwww.googleapis.com%2Fauth%2Fuserinfo.email+https%3A%2F%2Fwww.googleapis.com%2Fauth%2Fuserinfo.profile&authuser=0&hd=iitism.ac.in&prompt=none [36m302[0m 2969.667 ms - 46[0m
[0mGET / [36m304[0m 620.727 ms - -[0m
[0mGET / [32m200[0m 1198.189 ms - 14851[0m
[0mPOST /posts/create [32m200[0m 1000.373 ms - 268[0m
[0mPOST /likes/toggle/?id=6537d2ac3c82a9294dd0f200&type=Post [32m200[0m 1138.605 ms - 58[0m
[0mGET / [32m200[0m 1394.611 ms - 16016[0m
[0mPOST /comments/create [32m200[0m 1532.325 ms - 483[0m
[0mPOST /comments/create [32m200[0m 1283.463 ms - 483[0m
[0mGET /users/sign-out [36m302[0m 426.130 ms - 46[0m
[0mGET / [32m200[0m 1333.405 ms - 11686[0m
[0mGET /users/sign-out [36m302[0m 203.797 ms - 46[0m
[0mGET / [32m200[0m 1522.372 ms - 11686[0m
[0mGET /users/profile/653756bd008c9e988ed9d8fb [36m302[0m 156.738 ms - 72[0m
[0mGET /users/sign-in [36m304[0m 121.255 ms - -[0m
[0mPOST /users/create-session [36m302[0m 687.035 ms - 46[0m
[0mGET / [32m200[0m 1233.339 ms - 17625[0m
[0mGET /users/profile/653756bd008c9e988ed9d8fb [32m200[0m 1212.012 ms - 2130[0m
[0mGET /users/sign-out [36m302[0m 236.239 ms - 46[0m
[0mGET / [32m200[0m 1352.420 ms - 11686[0m
[0mGET / [32m200[0m 2018.400 ms - 11549[0m
[0mGET /users/sign-in [32m200[0m 87.187 ms - 1866[0m
[0mGET /users/auth/google [36m302[0m 154.796 ms - 0[0m
[0mGET /users/auth/google/callback?code=4%2F0AfJohXlF45I_eHx0-kW3mnac_uWrljgxulQ-ugdui5KkM1bcfQK5CwYvyXsQOlAonUKnkw&scope=email+profile+https%3A%2F%2Fwww.googleapis.com%2Fauth%2Fuserinfo.email+https%3A%2F%2Fwww.googleapis.com%2Fauth%2Fuserinfo.profile+openid&authuser=0&hd=iitism.ac.in&prompt=none [36m302[0m 1616.485 ms - 46[0m
[0mGET / [32m200[0m 673.985 ms - 18726[0m
[0mGET /comments/destroy/6537ff46fc9e1891ebab54c7 [32m200[0m 468.626 ms - 75[0m
[0mGET /posts/destroy/6537ec1d88952185e8d0382a [32m200[0m 1155.263 ms - 72[0m
[0mGET /users/sign-in [32m200[0m 2.377 ms - 1866[0m
[0mGET /users/auth/google [36m302[0m 67.051 ms - 0[0m
[0mGET /users/auth/google/callback?code=4%2F0AfJohXnrLVe6rrw0wFVQzq_7Cjq_p5dpKkqRn5Ifjo30eQcfZKoKBnuYioo_dtUt5JpLlA&scope=email+profile+openid+https%3A%2F%2Fwww.googleapis.com%2Fauth%2Fuserinfo.email+https%3A%2F%2Fwww.googleapis.com%2Fauth%2Fuserinfo.profile&authuser=0&prompt=none [36m302[0m 620.129 ms - 46[0m
[0mGET / [32m200[0m 177.750 ms - 16208[0m
[0mGET /users/sign-out [36m302[0m 55.628 ms - 46[0m
[0mGET / [32m200[0m 161.445 ms - 10478[0m
[0mGET / [0m-[0m - ms - -[0m
[0mGET / [32m200[0m 4862.800 ms - 10252[0m
[0mGET /favicon.ico [33m404[0m 433.774 ms - 150[0m
[0mGET /users/sign-in [36m304[0m 209.766 ms - -[0m
[0mGET /users/auth/google [36m302[0m 411.212 ms - 0[0m
[0mGET /users/auth/google/callback?code=4%2F0AfJohXkiTKrSJoyfRI-puxifICJfxym7RgR1ZjI0H97eJdRojtFprt9L5KV8-HqQt0GySA&scope=email+profile+openid+https%3A%2F%2Fwww.googleapis.com%2Fauth%2Fuserinfo.email+https%3A%2F%2Fwww.googleapis.com%2Fauth%2Fuserinfo.profile&authuser=0&hd=iitism.ac.in&prompt=none [36m302[0m 1730.459 ms - 46[0m
[0mGET / [32m200[0m 912.183 ms - 16244[0m
[0mGET / [32m200[0m 1095.856 ms - 10252[0m
[0mGET /users/sign-in [32m200[0m 320.126 ms - 1866[0m
[0mGET /users/auth/google [36m302[0m 344.267 ms - 0[0m
[0mGET /users/auth/google/callback?code=4%2F0AfJohXkepLbWMS4Ml3im76nmFCHmATAZPCsbNORPSNOtV4HlSvVvkaR_4bYIG6oRQACq8A&scope=email+profile+https%3A%2F%2Fwww.googleapis.com%2Fauth%2Fuserinfo.email+openid+https%3A%2F%2Fwww.googleapis.com%2Fauth%2Fuserinfo.profile&authuser=0&prompt=none [36m302[0m 1982.566 ms - 46[0m
[0mGET / [32m200[0m 1841.080 ms - 16208[0m
[0mPOST /posts/create [32m200[0m 811.267 ms - 280[0m
[0mPOST /comments/create [32m200[0m 1852.953 ms - 491[0m
[0mPOST /likes/toggle/?id=653aa9cca08502e291e8af28&type=Comment [32m200[0m 2440.788 ms - 58[0m
[0mGET /users/sign-out [36m302[0m 569.549 ms - 46[0m
[0mGET / [32m200[0m 1963.040 ms - 18481[0m
[0mGET /users/sign-out [36m302[0m 252.673 ms - 46[0m
[0mGET / [32m200[0m 952.467 ms - 11794[0m
[0mGET /users/sign-in [36m304[0m 112.406 ms - -[0m
[0mGET /users/auth/google [36m302[0m 493.071 ms - 0[0m
[0mGET /users/auth/google/callback?code=4%2F0AfJohXmJ45XAcqlaZhxbWUOOSeMiHiqrgiQSMKV9pdF6ozofFpzczU9gsprkAP8ESOHHYQ&scope=email+profile+https%3A%2F%2Fwww.googleapis.com%2Fauth%2Fuserinfo.email+https%3A%2F%2Fwww.googleapis.com%2Fauth%2Fuserinfo.profile+openid&authuser=0&prompt=none [36m302[0m 1369.582 ms - 46[0m
[0mGET / [32m200[0m 2033.326 ms - 18709[0m
[0mGET /comments/destroy/653aa9cca08502e291e8af28 [32m200[0m 596.254 ms - 75[0m
[0mGET /posts/destroy/653aa9c2a08502e291e8af23 [32m200[0m 1482.751 ms - 72[0m
[0mGET /users/sign-out [36m302[0m 226.730 ms - 46[0m
[0mGET / [32m200[0m 1352.215 ms - 10478[0m
